#
# There is insufficient memory for the Java Runtime Environment to continue.
# Native memory allocation (malloc) failed to allocate 1038896 bytes for Chunk::new
# Possible reasons:
#   The system is out of physical RAM or swap space
#   The process is running with CompressedOops enabled, and the Java Heap may be blocking the growth of the native heap
# Possible solutions:
#   Reduce memory load on the system
#   Increase physical memory or swap space
#   Check if swap backing store is full
#   Decrease Java heap size (-Xmx/-Xms)
#   Decrease number of Java threads
#   Decrease Java thread stack sizes (-Xss)
#   Set larger code cache with -XX:ReservedCodeCacheSize=
#   JVM is running with Unscaled Compressed Oops mode in which the Java heap is
#     placed in the first 4GB address space. The Java Heap base address is the
#     maximum limit for the native heap growth. Please use -XX:HeapBaseMinAddress
#     to set the Java Heap base and to place the Java Heap above 4GB virtual address.
# This output file may be truncated or incomplete.
#
#  Out of Memory Error (src/hotspot/share/memory/arena.cpp:197), pid=10096, tid=9516
#
# JRE version: OpenJDK Runtime Environment (11.0.15) (build 11.0.15+0-b2043.56-9505619)
# Java VM: OpenJDK 64-Bit Server VM (11.0.15+0-b2043.56-9505619, mixed mode, tiered, compressed oops, g1 gc, windows-amd64)
# No core dump will be written. Minidumps are not enabled by default on client versions of Windows
#

---------------  S U M M A R Y ------------

Command Line: --add-opens=java.base/java.util=ALL-UNNAMED --add-opens=java.base/java.lang=ALL-UNNAMED --add-opens=java.base/java.lang.invoke=ALL-UNNAMED --add-opens=java.base/java.util=ALL-UNNAMED --add-opens=java.prefs/java.util.prefs=ALL-UNNAMED --add-opens=java.prefs/java.util.prefs=ALL-UNNAMED --add-opens=java.base/java.nio.charset=ALL-UNNAMED --add-opens=java.base/java.net=ALL-UNNAMED --add-opens=java.base/java.util.concurrent.atomic=ALL-UNNAMED -Xmx2048m -Dfile.encoding=UTF-8 -Duser.country=RU -Duser.language=ru -Duser.variant org.gradle.launcher.daemon.bootstrap.GradleDaemon 7.5

Host: AMD Ryzen 3 1200 Quad-Core Processor           , 4 cores, 7G,  Windows 10 , 64 bit Build 19041 (10.0.19041.2546)
Time: Tue Feb 28 18:48:00 2023 RTZ 2 (s 10 , 64 bit Build 19041 (10.0.19041.2546) elapsed time: 80.083174 seconds (0d 0h 1m 20s)

---------------  T H R E A D  ---------------

Current thread (0x0000025dc0ec5000):  JavaThread "C2 CompilerThread1" daemon [_thread_in_native, id=9516, stack(0x00000091dc300000,0x00000091dc400000)]


Current CompileTask:
C2:  80083 17542       4       com.android.tools.r8.dex.i::a (829 bytes)

Stack: [0x00000091dc300000,0x00000091dc400000]
Native frames: (J=compiled Java code, j=interpreted, Vv=VM code, C=native code)
V  [jvm.dll+0x64135a]
V  [jvm.dll+0x7d39f9]
V  [jvm.dll+0x7d51b9]
V  [jvm.dll+0x7d58a3]
V  [jvm.dll+0x2691c5]
V  [jvm.dll+0xc1a5c]
V  [jvm.dll+0xc200c]
V  [jvm.dll+0x2da2c2]
V  [jvm.dll+0x54cad9]
V  [jvm.dll+0x22a011]
V  [jvm.dll+0x223809]
V  [jvm.dll+0x220384]
V  [jvm.dll+0x19e851]
V  [jvm.dll+0x230479]
V  [jvm.dll+0x22e5ef]
V  [jvm.dll+0x794de1]
V  [jvm.dll+0x78dc24]
V  [jvm.dll+0x6400f6]
C  [ucrtbase.dll+0x21bb2]
C  [KERNEL32.DLL+0x17614]
C  [ntdll.dll+0x526a1]


---------------  P R O C E S S  ---------------

Threads class SMR info:
_java_thread_list=0x0000025db9defac0, length=100, elements={
0x0000025d9bfc1800, 0x0000025db5bd6000, 0x0000025db5bdf000, 0x0000025db5bf5000,
0x0000025db5bf6000, 0x0000025db5bf7000, 0x0000025db5bfa000, 0x0000025db5bff800,
0x0000025db5c12000, 0x0000025db66cc000, 0x0000025db7ff7800, 0x0000025db6781800,
0x0000025db879b000, 0x0000025db879c000, 0x0000025db8a93000, 0x0000025db6759000,
0x0000025db6755800, 0x0000025db6757800, 0x0000025db675a000, 0x0000025db675c000,
0x0000025db675a800, 0x0000025db675b800, 0x0000025db6756800, 0x0000025db6758000,
0x0000025db9811800, 0x0000025db9811000, 0x0000025db6db4800, 0x0000025db6db5800,
0x0000025db6db7000, 0x0000025db6dbc000, 0x0000025db6db6000, 0x0000025db6db9800,
0x0000025db6dbb000, 0x0000025db6db8800, 0x0000025db6dc0000, 0x0000025db6dbe800,
0x0000025db6dba800, 0x0000025db6dc1800, 0x0000025db6dc1000, 0x0000025db6dbf000,
0x0000025db6dc2800, 0x0000025db6dbd000, 0x0000025db6dc3800, 0x0000025db6dbd800,
0x0000025db9816000, 0x0000025db9816800, 0x0000025db9812800, 0x0000025db9814000,
0x0000025db9817800, 0x0000025db9815000, 0x0000025dbc1bb800, 0x0000025dbc1b8800,
0x0000025dbc1b9000, 0x0000025dbc1bc800, 0x0000025dbc1b6800, 0x0000025dbc1ba000,
0x0000025dbc1bb000, 0x0000025dbc1bd800, 0x0000025dbc1b7800, 0x0000025dbc1bf000,
0x0000025dbc1bf800, 0x0000025dbc1c0800, 0x0000025dbc1c1800, 0x0000025dbc1c4000,
0x0000025dbc1c2000, 0x0000025dbc1c3000, 0x0000025dbc1be000, 0x0000025dbc1c4800,
0x0000025dbc1c5800, 0x0000025dbf61c000, 0x0000025dbf61d800, 0x0000025dbf61c800,
0x0000025dbf617800, 0x0000025dbf61b000, 0x0000025dbf61e000, 0x0000025dbf618800,
0x0000025dbf61f000, 0x0000025dbf619800, 0x0000025dbf61a000, 0x0000025dbf624000,
0x0000025dbf620800, 0x0000025dbf623000, 0x0000025dbf625800, 0x0000025dbf625000,
0x0000025dbf620000, 0x0000025dbf621800, 0x0000025dbf622800, 0x0000025dbf626800,
0x0000025dbc63c800, 0x0000025dbc63b800, 0x0000025dbc63a000, 0x0000025dbc638800,
0x0000025dbc639000, 0x0000025dbc63b000, 0x0000025dbc63f800, 0x0000025dbc640800,
0x0000025dbc641800, 0x0000025dbc63f000, 0x0000025dbc645800, 0x0000025dc0ec5000
}

Java Threads: ( => current thread )
  0x0000025d9bfc1800 JavaThread "main" [_thread_blocked, id=5524, stack(0x00000091d5a00000,0x00000091d5b00000)]
  0x0000025db5bd6000 JavaThread "Reference Handler" daemon [_thread_blocked, id=11220, stack(0x00000091d6100000,0x00000091d6200000)]
  0x0000025db5bdf000 JavaThread "Finalizer" daemon [_thread_blocked, id=11812, stack(0x00000091d6200000,0x00000091d6300000)]
  0x0000025db5bf5000 JavaThread "Signal Dispatcher" daemon [_thread_blocked, id=11604, stack(0x00000091d6300000,0x00000091d6400000)]
  0x0000025db5bf6000 JavaThread "Attach Listener" daemon [_thread_blocked, id=3448, stack(0x00000091d6400000,0x00000091d6500000)]
  0x0000025db5bf7000 JavaThread "Service Thread" daemon [_thread_blocked, id=3756, stack(0x00000091d6500000,0x00000091d6600000)]
  0x0000025db5bfa000 JavaThread "C2 CompilerThread0" daemon [_thread_blocked, id=3544, stack(0x00000091d6600000,0x00000091d6700000)]
  0x0000025db5bff800 JavaThread "C1 CompilerThread0" daemon [_thread_in_native, id=4080, stack(0x00000091d6700000,0x00000091d6800000)]
  0x0000025db5c12000 JavaThread "Sweeper thread" daemon [_thread_blocked, id=6168, stack(0x00000091d6800000,0x00000091d6900000)]
  0x0000025db66cc000 JavaThread "Common-Cleaner" daemon [_thread_blocked, id=9012, stack(0x00000091d6900000,0x00000091d6a00000)]
  0x0000025db7ff7800 JavaThread "Daemon health stats" [_thread_blocked, id=10724, stack(0x00000091d6e00000,0x00000091d6f00000)]
  0x0000025db6781800 JavaThread "Incoming local TCP Connector on port 55843" [_thread_in_native, id=1464, stack(0x00000091d6b00000,0x00000091d6c00000)]
  0x0000025db879b000 JavaThread "Daemon periodic checks" [_thread_blocked, id=4208, stack(0x00000091d7200000,0x00000091d7300000)]
  0x0000025db879c000 JavaThread "Daemon" [_thread_blocked, id=7100, stack(0x00000091d7300000,0x00000091d7400000)]
  0x0000025db8a93000 JavaThread "Daemon worker" [_thread_blocked, id=8864, stack(0x00000091d7600000,0x00000091d7700000)]
  0x0000025db6759000 JavaThread "Cache worker for journal cache (C:\Users\Егор\.gradle\caches\journal-1)" [_thread_blocked, id=7240, stack(0x00000091d7a00000,0x00000091d7b00000)]
  0x0000025db6755800 JavaThread "File lock request listener" [_thread_in_native, id=7960, stack(0x00000091d7b00000,0x00000091d7c00000)]
  0x0000025db6757800 JavaThread "Cache worker for file hash cache (C:\Users\Егор\.gradle\caches\7.5\fileHashes)" [_thread_blocked, id=4028, stack(0x00000091d7c00000,0x00000091d7d00000)]
  0x0000025db675a000 JavaThread "File watcher server" daemon [_thread_in_native, id=5516, stack(0x00000091d7e00000,0x00000091d7f00000)]
  0x0000025db675c000 JavaThread "File watcher consumer" daemon [_thread_blocked, id=1300, stack(0x00000091d7f00000,0x00000091d8000000)]
  0x0000025db675a800 JavaThread "jar transforms" [_thread_blocked, id=464, stack(0x00000091d8000000,0x00000091d8100000)]
  0x0000025db675b800 JavaThread "jar transforms Thread 2" [_thread_blocked, id=3296, stack(0x00000091d8100000,0x00000091d8200000)]
  0x0000025db6756800 JavaThread "jar transforms Thread 3" [_thread_blocked, id=2752, stack(0x00000091d8200000,0x00000091d8300000)]
  0x0000025db6758000 JavaThread "jar transforms Thread 4" [_thread_blocked, id=4324, stack(0x00000091d8300000,0x00000091d8400000)]
  0x0000025db9811800 JavaThread "Cache worker for file content cache (C:\Users\Егор\.gradle\caches\7.5\fileContent)" [_thread_blocked, id=7824, stack(0x00000091d8600000,0x00000091d8700000)]
  0x0000025db9811000 JavaThread "Cache worker for execution history cache (C:\Users\Егор\.gradle\caches\7.5\executionHistory)" [_thread_blocked, id=12148, stack(0x00000091d8900000,0x00000091d8a00000)]
  0x0000025db6db4800 JavaThread "Memory manager" [_thread_blocked, id=11272, stack(0x00000091db400000,0x00000091db500000)]
  0x0000025db6db5800 JavaThread "pool-3-thread-1" [_thread_blocked, id=1600, stack(0x00000091db500000,0x00000091db600000)]
  0x0000025db6db7000 JavaThread "included builds" [_thread_blocked, id=3532, stack(0x00000091db600000,0x00000091db700000)]
  0x0000025db6dbc000 JavaThread "Handler for socket connection from /127.0.0.1:55843 to /127.0.0.1:55875" [_thread_in_native, id=6904, stack(0x00000091d5700000,0x00000091d5800000)]
  0x0000025db6db6000 JavaThread "Cancel handler" [_thread_blocked, id=12200, stack(0x00000091d5900000,0x00000091d5a00000)]
  0x0000025db6db9800 JavaThread "Asynchronous log dispatcher for DefaultDaemonConnection: socket connection from /127.0.0.1:55843 to /127.0.0.1:55875" [_thread_blocked, id=9384, stack(0x00000091d7500000,0x00000091d7600000)]
  0x0000025db6dbb000 JavaThread "Stdin handler" [_thread_blocked, id=7492, stack(0x00000091d7700000,0x00000091d7800000)]
  0x0000025db6db8800 JavaThread "Daemon client event forwarder" [_thread_blocked, id=11972, stack(0x00000091d7800000,0x00000091d7900000)]
  0x0000025db6dc0000 JavaThread "Cache worker for checksums cache (C:\Android\MyApplication8\.gradle\7.5\checksums)" [_thread_blocked, id=9192, stack(0x00000091d7900000,0x00000091d7a00000)]
  0x0000025db6dbe800 JavaThread "Cache worker for cache directory md-rule (C:\Users\Егор\.gradle\caches\7.5\md-rule)" [_thread_blocked, id=6932, stack(0x00000091d7d00000,0x00000091d7e00000)]
  0x0000025db6dba800 JavaThread "Cache worker for file hash cache (C:\Android\MyApplication8\.gradle\7.5\fileHashes)" [_thread_blocked, id=11800, stack(0x00000091d8400000,0x00000091d8500000)]
  0x0000025db6dc1800 JavaThread "Cache worker for cache directory md-supplier (C:\Users\Егор\.gradle\caches\7.5\md-supplier)" [_thread_blocked, id=9648, stack(0x00000091d8500000,0x00000091d8600000)]
  0x0000025db6dc1000 JavaThread "Cache worker for dependencies-accessors (C:\Android\MyApplication8\.gradle\7.5\dependencies-accessors)" [_thread_blocked, id=11464, stack(0x00000091d8700000,0x00000091d8800000)]
  0x0000025db6dbf000 JavaThread "Cache worker for Build Output Cleanup Cache (C:\Android\MyApplication8\.gradle\buildOutputCleanup)" [_thread_blocked, id=9716, stack(0x00000091d8800000,0x00000091d8900000)]
  0x0000025db6dc2800 JavaThread "Unconstrained build operations" [_thread_blocked, id=8052, stack(0x00000091d8c00000,0x00000091d8d00000)]
  0x0000025db6dbd000 JavaThread "Unconstrained build operations Thread 2" [_thread_blocked, id=9520, stack(0x00000091d8d00000,0x00000091d8e00000)]
  0x0000025db6dc3800 JavaThread "Unconstrained build operations Thread 3" [_thread_blocked, id=8960, stack(0x00000091d8e00000,0x00000091d8f00000)]
  0x0000025db6dbd800 JavaThread "Unconstrained build operations Thread 4" [_thread_blocked, id=11820, stack(0x00000091d8f00000,0x00000091d9000000)]
  0x0000025db9816000 JavaThread "Unconstrained build operations Thread 5" [_thread_blocked, id=1252, stack(0x00000091d9000000,0x00000091d9100000)]
  0x0000025db9816800 JavaThread "Unconstrained build operations Thread 6" [_thread_blocked, id=2528, stack(0x00000091d9100000,0x00000091d9200000)]
  0x0000025db9812800 JavaThread "Unconstrained build operations Thread 7" [_thread_blocked, id=11836, stack(0x00000091d9200000,0x00000091d9300000)]
  0x0000025db9814000 JavaThread "Unconstrained build operations Thread 8" [_thread_blocked, id=6856, stack(0x00000091d9300000,0x00000091d9400000)]
  0x0000025db9817800 JavaThread "Unconstrained build operations Thread 9" [_thread_blocked, id=6352, stack(0x00000091d9400000,0x00000091d9500000)]
  0x0000025db9815000 JavaThread "Unconstrained build operations Thread 10" [_thread_blocked, id=9004, stack(0x00000091d9500000,0x00000091d9600000)]
  0x0000025dbc1bb800 JavaThread "Unconstrained build operations Thread 11" [_thread_blocked, id=9820, stack(0x00000091d9600000,0x00000091d9700000)]
  0x0000025dbc1b8800 JavaThread "Unconstrained build operations Thread 12" [_thread_blocked, id=1560, stack(0x00000091d9700000,0x00000091d9800000)]
  0x0000025dbc1b9000 JavaThread "Unconstrained build operations Thread 13" [_thread_blocked, id=9136, stack(0x00000091d9800000,0x00000091d9900000)]
  0x0000025dbc1bc800 JavaThread "Unconstrained build operations Thread 14" [_thread_blocked, id=11468, stack(0x00000091d9900000,0x00000091d9a00000)]
  0x0000025dbc1b6800 JavaThread "Unconstrained build operations Thread 15" [_thread_blocked, id=1772, stack(0x00000091d9a00000,0x00000091d9b00000)]
  0x0000025dbc1ba000 JavaThread "Unconstrained build operations Thread 16" [_thread_blocked, id=7520, stack(0x00000091d9b00000,0x00000091d9c00000)]
  0x0000025dbc1bb000 JavaThread "Unconstrained build operations Thread 17" [_thread_blocked, id=5608, stack(0x00000091d9c00000,0x00000091d9d00000)]
  0x0000025dbc1bd800 JavaThread "Unconstrained build operations Thread 18" [_thread_blocked, id=9152, stack(0x00000091d9d00000,0x00000091d9e00000)]
  0x0000025dbc1b7800 JavaThread "Unconstrained build operations Thread 19" [_thread_blocked, id=8132, stack(0x00000091d9e00000,0x00000091d9f00000)]
  0x0000025dbc1bf000 JavaThread "Unconstrained build operations Thread 20" [_thread_blocked, id=4436, stack(0x00000091d9f00000,0x00000091da000000)]
  0x0000025dbc1bf800 JavaThread "Unconstrained build operations Thread 21" [_thread_blocked, id=2436, stack(0x00000091da000000,0x00000091da100000)]
  0x0000025dbc1c0800 JavaThread "Unconstrained build operations Thread 22" [_thread_blocked, id=9148, stack(0x00000091da100000,0x00000091da200000)]
  0x0000025dbc1c1800 JavaThread "Unconstrained build operations Thread 23" [_thread_blocked, id=236, stack(0x00000091da200000,0x00000091da300000)]
  0x0000025dbc1c4000 JavaThread "Unconstrained build operations Thread 24" [_thread_blocked, id=4720, stack(0x00000091da300000,0x00000091da400000)]
  0x0000025dbc1c2000 JavaThread "Unconstrained build operations Thread 25" [_thread_blocked, id=7828, stack(0x00000091da400000,0x00000091da500000)]
  0x0000025dbc1c3000 JavaThread "Unconstrained build operations Thread 26" [_thread_blocked, id=7056, stack(0x00000091da500000,0x00000091da600000)]
  0x0000025dbc1be000 JavaThread "Unconstrained build operations Thread 27" [_thread_blocked, id=11176, stack(0x00000091da600000,0x00000091da700000)]
  0x0000025dbc1c4800 JavaThread "Unconstrained build operations Thread 28" [_thread_blocked, id=9372, stack(0x00000091da700000,0x00000091da800000)]
  0x0000025dbc1c5800 JavaThread "Unconstrained build operations Thread 29" [_thread_blocked, id=9608, stack(0x00000091da800000,0x00000091da900000)]
  0x0000025dbf61c000 JavaThread "Unconstrained build operations Thread 30" [_thread_blocked, id=4812, stack(0x00000091da900000,0x00000091daa00000)]
  0x0000025dbf61d800 JavaThread "Unconstrained build operations Thread 31" [_thread_blocked, id=4148, stack(0x00000091daa00000,0x00000091dab00000)]
  0x0000025dbf61c800 JavaThread "Unconstrained build operations Thread 32" [_thread_blocked, id=2236, stack(0x00000091dab00000,0x00000091dac00000)]
  0x0000025dbf617800 JavaThread "Unconstrained build operations Thread 33" [_thread_blocked, id=9984, stack(0x00000091dac00000,0x00000091dad00000)]
  0x0000025dbf61b000 JavaThread "Unconstrained build operations Thread 34" [_thread_blocked, id=2724, stack(0x00000091dad00000,0x00000091dae00000)]
  0x0000025dbf61e000 JavaThread "Unconstrained build operations Thread 35" [_thread_blocked, id=7508, stack(0x00000091dae00000,0x00000091daf00000)]
  0x0000025dbf618800 JavaThread "Unconstrained build operations Thread 36" [_thread_blocked, id=1196, stack(0x00000091daf00000,0x00000091db000000)]
  0x0000025dbf61f000 JavaThread "Unconstrained build operations Thread 37" [_thread_blocked, id=10924, stack(0x00000091db000000,0x00000091db100000)]
  0x0000025dbf619800 JavaThread "Unconstrained build operations Thread 38" [_thread_blocked, id=11636, stack(0x00000091db100000,0x00000091db200000)]
  0x0000025dbf61a000 JavaThread "Unconstrained build operations Thread 39" [_thread_blocked, id=10632, stack(0x00000091db200000,0x00000091db300000)]
  0x0000025dbf624000 JavaThread "Unconstrained build operations Thread 40" [_thread_blocked, id=2620, stack(0x00000091db300000,0x00000091db400000)]
  0x0000025dbf620800 JavaThread "build event listener" [_thread_blocked, id=5180, stack(0x00000091db700000,0x00000091db800000)]
  0x0000025dbf623000 JavaThread "pool-6-thread-1" [_thread_blocked, id=7892, stack(0x00000091db800000,0x00000091db900000)]
  0x0000025dbf625800 JavaThread "build event listener" [_thread_blocked, id=1268, stack(0x00000091db900000,0x00000091dba00000)]
  0x0000025dbf625000 JavaThread "included builds" [_thread_blocked, id=5352, stack(0x00000091dba00000,0x00000091dbb00000)]
  0x0000025dbf620000 JavaThread "Execution worker" [_thread_blocked, id=4192, stack(0x00000091dbb00000,0x00000091dbc00000)]
  0x0000025dbf621800 JavaThread "Execution worker Thread 2" [_thread_blocked, id=4220, stack(0x00000091dbc00000,0x00000091dbd00000)]
  0x0000025dbf622800 JavaThread "Execution worker Thread 3" [_thread_blocked, id=5376, stack(0x00000091dbd00000,0x00000091dbe00000)]
  0x0000025dbf626800 JavaThread "Cache worker for execution history cache (C:\Android\MyApplication8\.gradle\7.5\executionHistory)" [_thread_blocked, id=11720, stack(0x00000091dbe00000,0x00000091dbf00000)]
  0x0000025dbc63c800 JavaThread "WorkerExecutor Queue" [_thread_blocked, id=3432, stack(0x00000091dbf00000,0x00000091dc000000)]
  0x0000025dbc63b800 JavaThread "WorkerExecutor Queue Thread 2" [_thread_blocked, id=4668, stack(0x00000091dc000000,0x00000091dc100000)]
  0x0000025dbc63a000 JavaThread "WorkerExecutor Queue Thread 4" [_thread_blocked, id=11496, stack(0x00000091dc200000,0x00000091dc300000)]
  0x0000025dbc638800 JavaThread "WorkerExecutor Queue Thread 6" [_thread_blocked, id=5760, stack(0x00000091dc100000,0x00000091dc200000)]
  0x0000025dbc639000 JavaThread "pool-7-thread-1" [_thread_blocked, id=11292, stack(0x00000091dc400000,0x00000091dc500000)]
  0x0000025dbc63b000 JavaThread "stderr" [_thread_in_native, id=5892, stack(0x00000091dc500000,0x00000091dc600000)]
  0x0000025dbc63f800 JavaThread "stdout" [_thread_in_native, id=6304, stack(0x00000091dc600000,0x00000091dc700000)]
  0x0000025dbc640800 JavaThread "ForkJoinPool-1-worker-3" daemon [_thread_blocked, id=6376, stack(0x00000091dc800000,0x00000091dc900000)]
  0x0000025dbc641800 JavaThread "ForkJoinPool-1-worker-5" daemon [_thread_blocked, id=8204, stack(0x00000091dc900000,0x00000091dca00000)]
  0x0000025dbc63f000 JavaThread "ForkJoinPool-1-worker-7" daemon [_thread_blocked, id=2920, stack(0x00000091dca00000,0x00000091dcb00000)]
  0x0000025dbc645800 JavaThread "ForkJoinPool-1-worker-1" daemon [_thread_blocked, id=8116, stack(0x00000091dcb00000,0x00000091dcc00000)]
=>0x0000025dc0ec5000 JavaThread "C2 CompilerThread1" daemon [_thread_in_native, id=9516, stack(0x00000091dc300000,0x00000091dc400000)]

Other Threads:
  0x0000025db5bd1800 VMThread "VM Thread" [stack: 0x00000091d6000000,0x00000091d6100000] [id=8340]
  0x0000025db66e1000 WatcherThread [stack: 0x00000091d6a00000,0x00000091d6b00000] [id=3648]
  0x0000025d9bfda800 GCTaskThread "GC Thread#0" [stack: 0x00000091d5b00000,0x00000091d5c00000] [id=9396]
  0x0000025db6f40000 GCTaskThread "GC Thread#1" [stack: 0x00000091d6c00000,0x00000091d6d00000] [id=9352]
  0x0000025db6b9b800 GCTaskThread "GC Thread#2" [stack: 0x00000091d6d00000,0x00000091d6e00000] [id=9760]
  0x0000025db7b8c000 GCTaskThread "GC Thread#3" [stack: 0x00000091d6f00000,0x00000091d7000000] [id=11388]
  0x0000025d9c00c800 ConcurrentGCThread "G1 Main Marker" [stack: 0x00000091d5c00000,0x00000091d5d00000] [id=11708]
  0x0000025d9c00e000 ConcurrentGCThread "G1 Conc#0" [stack: 0x00000091d5d00000,0x00000091d5e00000] [id=7972]
  0x0000025d9c09a800 ConcurrentGCThread "G1 Refine#0" [stack: 0x00000091d5e00000,0x00000091d5f00000] [id=3560]
  0x0000025db7701800 ConcurrentGCThread "G1 Refine#1" [stack: 0x00000091d7000000,0x00000091d7100000] [id=2292]
  0x0000025db6e6b000 ConcurrentGCThread "G1 Refine#2" [stack: 0x00000091d7100000,0x00000091d7200000] [id=2944]
  0x0000025d9c09b800 ConcurrentGCThread "G1 Young RemSet Sampling" [stack: 0x00000091d5f00000,0x00000091d6000000] [id=8680]

Threads with active compile tasks:
C1 CompilerThread0    80132 17700       3       java.util.concurrent.ForkJoinTask::get (60 bytes)
C2 CompilerThread1    80132 17542       4       com.android.tools.r8.dex.i::a (829 bytes)

VM state:not at safepoint (normal execution)

VM Mutex/Monitor currently owned by a thread:  ([mutex/lock_event])
[0x0000025d9bfbc2d0] SymbolTable_lock - owner thread: 0x0000000000000000
[0x0000025d9bfbb550] Compile_lock - owner thread: 0x0000000000000000

Heap address: 0x0000000080000000, size: 2048 MB, Compressed Oops mode: 32-bit
Narrow klass base: 0x0000000000000000, Narrow klass shift: 3
Compressed class space size: 1073741824 Address: 0x0000000100000000

Heap:
 garbage-first heap   total 288768K, used 233327K [0x0000000080000000, 0x0000000100000000)
  region size 1024K, 9 young (9216K), 4 survivors (4096K)
 Metaspace       used 133789K, capacity 137603K, committed 137936K, reserved 1169408K
  class space    used 16781K, capacity 18190K, committed 18304K, reserved 1048576K
Heap Regions: E=young(eden), S=young(survivor), O=old, HS=humongous(starts), HC=humongous(continues), CS=collection set, F=free, A=archive, TAMS=top-at-mark-start (previous, next)
|   0|0x0000000080000000, 0x0000000080100000, 0x0000000080100000|100%|HS|  |TAMS 0x0000000080100000, 0x0000000080000000| Complete 
|   1|0x0000000080100000, 0x0000000080200000, 0x0000000080200000|100%|HC|  |TAMS 0x0000000080200000, 0x0000000080100000| Complete 
|   2|0x0000000080200000, 0x0000000080300000, 0x0000000080300000|100%|HC|  |TAMS 0x0000000080300000, 0x0000000080200000| Complete 
|   3|0x0000000080300000, 0x0000000080400000, 0x0000000080400000|100%| O|  |TAMS 0x0000000080400000, 0x0000000080300000| Updating 
|   4|0x0000000080400000, 0x0000000080500000, 0x0000000080500000|100%| O|  |TAMS 0x0000000080500000, 0x0000000080400000| Updating 
|   5|0x0000000080500000, 0x0000000080600000, 0x0000000080600000|100%| O|  |TAMS 0x0000000080600000, 0x0000000080500000| Updating 
|   6|0x0000000080600000, 0x0000000080700000, 0x0000000080700000|100%| O|  |TAMS 0x0000000080700000, 0x0000000080600000| Updating 
|   7|0x0000000080700000, 0x0000000080800000, 0x0000000080800000|100%| O|  |TAMS 0x0000000080800000, 0x0000000080700000| Updating 
|   8|0x0000000080800000, 0x0000000080900000, 0x0000000080900000|100%| O|  |TAMS 0x0000000080900000, 0x0000000080800000| Updating 
|   9|0x0000000080900000, 0x0000000080a00000, 0x0000000080a00000|100%| O|  |TAMS 0x0000000080a00000, 0x0000000080900000| Updating 
|  10|0x0000000080a00000, 0x0000000080b00000, 0x0000000080b00000|100%| O|  |TAMS 0x0000000080b00000, 0x0000000080a00000| Updating 
|  11|0x0000000080b00000, 0x0000000080c00000, 0x0000000080c00000|100%| O|  |TAMS 0x0000000080c00000, 0x0000000080b00000| Updating 
|  12|0x0000000080c00000, 0x0000000080d00000, 0x0000000080d00000|100%| O|  |TAMS 0x0000000080d00000, 0x0000000080c00000| Updating 
|  13|0x0000000080d00000, 0x0000000080e00000, 0x0000000080e00000|100%| O|  |TAMS 0x0000000080e00000, 0x0000000080d00000| Updating 
|  14|0x0000000080e00000, 0x0000000080f00000, 0x0000000080f00000|100%| O|  |TAMS 0x0000000080f00000, 0x0000000080e00000| Updating 
|  15|0x0000000080f00000, 0x0000000081000000, 0x0000000081000000|100%| O|  |TAMS 0x0000000081000000, 0x0000000080f00000| Updating 
|  16|0x0000000081000000, 0x0000000081100000, 0x0000000081100000|100%|HS|  |TAMS 0x0000000081100000, 0x0000000081000000| Complete 
|  17|0x0000000081100000, 0x0000000081200000, 0x0000000081200000|100%|HC|  |TAMS 0x0000000081200000, 0x0000000081100000| Complete 
|  18|0x0000000081200000, 0x0000000081300000, 0x0000000081300000|100%|HS|  |TAMS 0x0000000081300000, 0x0000000081200000| Complete 
|  19|0x0000000081300000, 0x0000000081400000, 0x0000000081400000|100%|HC|  |TAMS 0x0000000081400000, 0x0000000081300000| Complete 
|  20|0x0000000081400000, 0x0000000081500000, 0x0000000081500000|100%|HC|  |TAMS 0x0000000081500000, 0x0000000081400000| Complete 
|  21|0x0000000081500000, 0x0000000081600000, 0x0000000081600000|100%|HS|  |TAMS 0x0000000081600000, 0x0000000081500000| Complete 
|  22|0x0000000081600000, 0x0000000081700000, 0x0000000081700000|100%|HC|  |TAMS 0x0000000081700000, 0x0000000081600000| Complete 
|  23|0x0000000081700000, 0x0000000081800000, 0x0000000081800000|100%|HC|  |TAMS 0x0000000081800000, 0x0000000081700000| Complete 
|  24|0x0000000081800000, 0x0000000081900000, 0x0000000081900000|100%|HS|  |TAMS 0x0000000081900000, 0x0000000081800000| Complete 
|  25|0x0000000081900000, 0x0000000081a00000, 0x0000000081a00000|100%|HC|  |TAMS 0x0000000081a00000, 0x0000000081900000| Complete 
|  26|0x0000000081a00000, 0x0000000081b00000, 0x0000000081b00000|100%|HS|  |TAMS 0x0000000081b00000, 0x0000000081a00000| Complete 
|  27|0x0000000081b00000, 0x0000000081c00000, 0x0000000081c00000|100%|HC|  |TAMS 0x0000000081c00000, 0x0000000081b00000| Complete 
|  28|0x0000000081c00000, 0x0000000081d00000, 0x0000000081d00000|100%|HC|  |TAMS 0x0000000081d00000, 0x0000000081c00000| Complete 
|  29|0x0000000081d00000, 0x0000000081e00000, 0x0000000081e00000|100%|HC|  |TAMS 0x0000000081e00000, 0x0000000081d00000| Complete 
|  30|0x0000000081e00000, 0x0000000081f00000, 0x0000000081f00000|100%|HC|  |TAMS 0x0000000081f00000, 0x0000000081e00000| Complete 
|  31|0x0000000081f00000, 0x0000000082000000, 0x0000000082000000|100%|HC|  |TAMS 0x0000000082000000, 0x0000000081f00000| Complete 
|  32|0x0000000082000000, 0x0000000082100000, 0x0000000082100000|100%|HC|  |TAMS 0x0000000082100000, 0x0000000082000000| Complete 
|  33|0x0000000082100000, 0x0000000082200000, 0x0000000082200000|100%|HC|  |TAMS 0x0000000082200000, 0x0000000082100000| Complete 
|  34|0x0000000082200000, 0x0000000082300000, 0x0000000082300000|100%|HC|  |TAMS 0x0000000082300000, 0x0000000082200000| Complete 
|  35|0x0000000082300000, 0x0000000082400000, 0x0000000082400000|100%|HC|  |TAMS 0x0000000082400000, 0x0000000082300000| Complete 
|  36|0x0000000082400000, 0x0000000082500000, 0x0000000082500000|100%|HS|  |TAMS 0x0000000082500000, 0x0000000082400000| Complete 
|  37|0x0000000082500000, 0x0000000082600000, 0x0000000082600000|100%|HC|  |TAMS 0x0000000082600000, 0x0000000082500000| Complete 
|  38|0x0000000082600000, 0x0000000082700000, 0x0000000082700000|100%|HS|  |TAMS 0x0000000082700000, 0x0000000082600000| Complete 
|  39|0x0000000082700000, 0x0000000082800000, 0x0000000082800000|100%|HC|  |TAMS 0x0000000082800000, 0x0000000082700000| Complete 
|  40|0x0000000082800000, 0x0000000082900000, 0x0000000082900000|100%|HC|  |TAMS 0x0000000082900000, 0x0000000082800000| Complete 
|  41|0x0000000082900000, 0x0000000082a00000, 0x0000000082a00000|100%|HC|  |TAMS 0x0000000082a00000, 0x0000000082900000| Complete 
|  42|0x0000000082a00000, 0x0000000082b00000, 0x0000000082b00000|100%|HC|  |TAMS 0x0000000082b00000, 0x0000000082a00000| Complete 
|  43|0x0000000082b00000, 0x0000000082c00000, 0x0000000082c00000|100%| O|  |TAMS 0x0000000082c00000, 0x0000000082b00000| Updating 
|  44|0x0000000082c00000, 0x0000000082d00000, 0x0000000082d00000|100%| O|  |TAMS 0x0000000082d00000, 0x0000000082c00000| Updating 
|  45|0x0000000082d00000, 0x0000000082e00000, 0x0000000082e00000|100%| O|  |TAMS 0x0000000082e00000, 0x0000000082d00000| Updating 
|  46|0x0000000082e00000, 0x0000000082f00000, 0x0000000082f00000|100%| O|  |TAMS 0x0000000082f00000, 0x0000000082e00000| Updating 
|  47|0x0000000082f00000, 0x0000000083000000, 0x0000000083000000|100%| O|  |TAMS 0x0000000083000000, 0x0000000082f00000| Updating 
|  48|0x0000000083000000, 0x0000000083100000, 0x0000000083100000|100%| O|  |TAMS 0x0000000083100000, 0x0000000083000000| Updating 
|  49|0x0000000083100000, 0x0000000083200000, 0x0000000083200000|100%| O|  |TAMS 0x0000000083200000, 0x0000000083100000| Updating 
|  50|0x0000000083200000, 0x0000000083300000, 0x0000000083300000|100%| O|  |TAMS 0x0000000083300000, 0x0000000083200000| Updating 
|  51|0x0000000083300000, 0x0000000083400000, 0x0000000083400000|100%| O|  |TAMS 0x0000000083400000, 0x0000000083300000| Updating 
|  52|0x0000000083400000, 0x0000000083500000, 0x0000000083500000|100%| O|  |TAMS 0x0000000083500000, 0x0000000083400000| Updating 
|  53|0x0000000083500000, 0x0000000083600000, 0x0000000083600000|100%|HS|  |TAMS 0x0000000083600000, 0x0000000083500000| Complete 
|  54|0x0000000083600000, 0x0000000083700000, 0x0000000083700000|100%|HC|  |TAMS 0x0000000083700000, 0x0000000083600000| Complete 
|  55|0x0000000083700000, 0x0000000083800000, 0x0000000083800000|100%| O|  |TAMS 0x0000000083800000, 0x0000000083700000| Updating 
|  56|0x0000000083800000, 0x0000000083900000, 0x0000000083900000|100%| O|  |TAMS 0x0000000083900000, 0x0000000083800000| Updating 
|  57|0x0000000083900000, 0x0000000083a00000, 0x0000000083a00000|100%| O|  |TAMS 0x0000000083a00000, 0x0000000083900000| Updating 
|  58|0x0000000083a00000, 0x0000000083b00000, 0x0000000083b00000|100%| O|  |TAMS 0x0000000083b00000, 0x0000000083a00000| Updating 
|  59|0x0000000083b00000, 0x0000000083c00000, 0x0000000083c00000|100%| O|  |TAMS 0x0000000083c00000, 0x0000000083b00000| Updating 
|  60|0x0000000083c00000, 0x0000000083d00000, 0x0000000083d00000|100%| O|  |TAMS 0x0000000083d00000, 0x0000000083c00000| Updating 
|  61|0x0000000083d00000, 0x0000000083e00000, 0x0000000083e00000|100%|HS|  |TAMS 0x0000000083e00000, 0x0000000083d00000| Complete 
|  62|0x0000000083e00000, 0x0000000083f00000, 0x0000000083f00000|100%|HC|  |TAMS 0x0000000083f00000, 0x0000000083e00000| Complete 
|  63|0x0000000083f00000, 0x0000000084000000, 0x0000000084000000|100%|HC|  |TAMS 0x0000000084000000, 0x0000000083f00000| Complete 
|  64|0x0000000084000000, 0x0000000084100000, 0x0000000084100000|100%|HC|  |TAMS 0x0000000084100000, 0x0000000084000000| Complete 
|  65|0x0000000084100000, 0x0000000084200000, 0x0000000084200000|100%|HC|  |TAMS 0x0000000084200000, 0x0000000084100000| Complete 
|  66|0x0000000084200000, 0x0000000084300000, 0x0000000084300000|100%|HC|  |TAMS 0x0000000084300000, 0x0000000084200000| Complete 
|  67|0x0000000084300000, 0x0000000084400000, 0x0000000084400000|100%|HC|  |TAMS 0x0000000084400000, 0x0000000084300000| Complete 
|  68|0x0000000084400000, 0x0000000084500000, 0x0000000084500000|100%|HC|  |TAMS 0x0000000084500000, 0x0000000084400000| Complete 
|  69|0x0000000084500000, 0x0000000084600000, 0x0000000084600000|100%|HC|  |TAMS 0x0000000084600000, 0x0000000084500000| Complete 
|  70|0x0000000084600000, 0x0000000084700000, 0x0000000084700000|100%|HC|  |TAMS 0x0000000084700000, 0x0000000084600000| Complete 
|  71|0x0000000084700000, 0x0000000084800000, 0x0000000084800000|100%| O|  |TAMS 0x0000000084800000, 0x0000000084700000| Updating 
|  72|0x0000000084800000, 0x0000000084900000, 0x0000000084900000|100%| O|  |TAMS 0x0000000084900000, 0x0000000084800000| Updating 
|  73|0x0000000084900000, 0x0000000084a00000, 0x0000000084a00000|100%|HS|  |TAMS 0x0000000084a00000, 0x0000000084900000| Complete 
|  74|0x0000000084a00000, 0x0000000084b00000, 0x0000000084b00000|100%|HC|  |TAMS 0x0000000084b00000, 0x0000000084a00000| Complete 
|  75|0x0000000084b00000, 0x0000000084c00000, 0x0000000084c00000|100%|HC|  |TAMS 0x0000000084c00000, 0x0000000084b00000| Complete 
|  76|0x0000000084c00000, 0x0000000084d00000, 0x0000000084d00000|100%|HS|  |TAMS 0x0000000084d00000, 0x0000000084c00000| Complete 
|  77|0x0000000084d00000, 0x0000000084e00000, 0x0000000084e00000|100%|HC|  |TAMS 0x0000000084e00000, 0x0000000084d00000| Complete 
|  78|0x0000000084e00000, 0x0000000084f00000, 0x0000000084f00000|100%| O|  |TAMS 0x0000000084f00000, 0x0000000084e00000| Updating 
|  79|0x0000000084f00000, 0x0000000085000000, 0x0000000085000000|100%|HS|  |TAMS 0x0000000085000000, 0x0000000084f00000| Complete 
|  80|0x0000000085000000, 0x0000000085100000, 0x0000000085100000|100%|HC|  |TAMS 0x0000000085100000, 0x0000000085000000| Complete 
|  81|0x0000000085100000, 0x0000000085200000, 0x0000000085200000|100%|HC|  |TAMS 0x0000000085200000, 0x0000000085100000| Complete 
|  82|0x0000000085200000, 0x0000000085300000, 0x0000000085300000|100%| O|  |TAMS 0x0000000085300000, 0x0000000085200000| Updating 
|  83|0x0000000085300000, 0x0000000085400000, 0x0000000085400000|100%| O|  |TAMS 0x0000000085400000, 0x0000000085300000| Updating 
|  84|0x0000000085400000, 0x0000000085500000, 0x0000000085500000|100%| O|  |TAMS 0x0000000085500000, 0x0000000085400000| Updating 
|  85|0x0000000085500000, 0x0000000085600000, 0x0000000085600000|100%| O|  |TAMS 0x0000000085600000, 0x0000000085500000| Updating 
|  86|0x0000000085600000, 0x0000000085700000, 0x0000000085700000|100%| O|  |TAMS 0x0000000085700000, 0x0000000085600000| Updating 
|  87|0x0000000085700000, 0x0000000085800000, 0x0000000085800000|100%|HS|  |TAMS 0x0000000085800000, 0x0000000085700000| Complete 
|  88|0x0000000085800000, 0x0000000085900000, 0x0000000085900000|100%|HC|  |TAMS 0x0000000085900000, 0x0000000085800000| Complete 
|  89|0x0000000085900000, 0x0000000085a00000, 0x0000000085a00000|100%|HC|  |TAMS 0x0000000085a00000, 0x0000000085900000| Complete 
|  90|0x0000000085a00000, 0x0000000085b00000, 0x0000000085b00000|100%|HC|  |TAMS 0x0000000085b00000, 0x0000000085a00000| Complete 
|  91|0x0000000085b00000, 0x0000000085c00000, 0x0000000085c00000|100%|HC|  |TAMS 0x0000000085c00000, 0x0000000085b00000| Complete 
|  92|0x0000000085c00000, 0x0000000085d00000, 0x0000000085d00000|100%| O|  |TAMS 0x0000000085d00000, 0x0000000085c00000| Updating 
|  93|0x0000000085d00000, 0x0000000085e00000, 0x0000000085e00000|100%| O|  |TAMS 0x0000000085e00000, 0x0000000085d00000| Updating 
|  94|0x0000000085e00000, 0x0000000085f00000, 0x0000000085f00000|100%| O|  |TAMS 0x0000000085f00000, 0x0000000085e00000| Updating 
|  95|0x0000000085f00000, 0x0000000086000000, 0x0000000086000000|100%| O|  |TAMS 0x0000000086000000, 0x0000000085f00000| Updating 
|  96|0x0000000086000000, 0x0000000086100000, 0x0000000086100000|100%| O|  |TAMS 0x0000000086100000, 0x0000000086000000| Updating 
|  97|0x0000000086100000, 0x0000000086200000, 0x0000000086200000|100%| O|  |TAMS 0x0000000086200000, 0x0000000086100000| Updating 
|  98|0x0000000086200000, 0x0000000086300000, 0x0000000086300000|100%|HS|  |TAMS 0x0000000086300000, 0x0000000086200000| Complete 
|  99|0x0000000086300000, 0x0000000086400000, 0x0000000086400000|100%|HS|  |TAMS 0x0000000086400000, 0x0000000086300000| Complete 
| 100|0x0000000086400000, 0x0000000086500000, 0x0000000086500000|100%| O|  |TAMS 0x0000000086500000, 0x0000000086400000| Updating 
| 101|0x0000000086500000, 0x0000000086600000, 0x0000000086600000|100%| O|  |TAMS 0x0000000086600000, 0x0000000086500000| Updating 
| 102|0x0000000086600000, 0x0000000086700000, 0x0000000086700000|100%| O|  |TAMS 0x0000000086700000, 0x0000000086600000| Updating 
| 103|0x0000000086700000, 0x0000000086800000, 0x0000000086800000|100%| O|  |TAMS 0x0000000086800000, 0x0000000086700000| Updating 
| 104|0x0000000086800000, 0x0000000086900000, 0x0000000086900000|100%| O|  |TAMS 0x0000000086900000, 0x0000000086800000| Updating 
| 105|0x0000000086900000, 0x0000000086a00000, 0x0000000086a00000|100%| O|  |TAMS 0x0000000086a00000, 0x0000000086900000| Updating 
| 106|0x0000000086a00000, 0x0000000086b00000, 0x0000000086b00000|100%| O|  |TAMS 0x0000000086b00000, 0x0000000086a00000| Updating 
| 107|0x0000000086b00000, 0x0000000086c00000, 0x0000000086c00000|100%| O|  |TAMS 0x0000000086c00000, 0x0000000086b00000| Updating 
| 108|0x0000000086c00000, 0x0000000086d00000, 0x0000000086d00000|100%| O|  |TAMS 0x0000000086d00000, 0x0000000086c00000| Updating 
| 109|0x0000000086d00000, 0x0000000086e00000, 0x0000000086e00000|100%| O|  |TAMS 0x0000000086e00000, 0x0000000086d00000| Updating 
| 110|0x0000000086e00000, 0x0000000086f00000, 0x0000000086f00000|100%| O|  |TAMS 0x0000000086f00000, 0x0000000086e00000| Updating 
| 111|0x0000000086f00000, 0x0000000087000000, 0x0000000087000000|100%| O|  |TAMS 0x0000000087000000, 0x0000000086f00000| Updating 
| 112|0x0000000087000000, 0x0000000087100000, 0x0000000087100000|100%| O|  |TAMS 0x0000000087100000, 0x0000000087000000| Updating 
| 113|0x0000000087100000, 0x0000000087200000, 0x0000000087200000|100%| O|  |TAMS 0x0000000087200000, 0x0000000087100000| Updating 
| 114|0x0000000087200000, 0x0000000087300000, 0x0000000087300000|100%| O|  |TAMS 0x0000000087300000, 0x0000000087200000| Updating 
| 115|0x0000000087300000, 0x0000000087400000, 0x0000000087400000|100%| O|  |TAMS 0x0000000087400000, 0x0000000087300000| Updating 
| 116|0x0000000087400000, 0x0000000087500000, 0x0000000087500000|100%| O|  |TAMS 0x0000000087500000, 0x0000000087400000| Updating 
| 117|0x0000000087500000, 0x0000000087600000, 0x0000000087600000|100%| O|  |TAMS 0x0000000087600000, 0x0000000087500000| Updating 
| 118|0x0000000087600000, 0x0000000087700000, 0x0000000087700000|100%| O|  |TAMS 0x0000000087700000, 0x0000000087600000| Updating 
| 119|0x0000000087700000, 0x0000000087800000, 0x0000000087800000|100%|HS|  |TAMS 0x0000000087800000, 0x0000000087700000| Complete 
| 120|0x0000000087800000, 0x0000000087900000, 0x0000000087900000|100%|HC|  |TAMS 0x0000000087900000, 0x0000000087800000| Complete 
| 121|0x0000000087900000, 0x0000000087a00000, 0x0000000087a00000|100%|HS|  |TAMS 0x0000000087a00000, 0x0000000087900000| Complete 
| 122|0x0000000087a00000, 0x0000000087b00000, 0x0000000087b00000|100%|HC|  |TAMS 0x0000000087b00000, 0x0000000087a00000| Complete 
| 123|0x0000000087b00000, 0x0000000087c00000, 0x0000000087c00000|100%|HC|  |TAMS 0x0000000087c00000, 0x0000000087b00000| Complete 
| 124|0x0000000087c00000, 0x0000000087d00000, 0x0000000087d00000|100%| O|  |TAMS 0x0000000087d00000, 0x0000000087c00000| Updating 
| 125|0x0000000087d00000, 0x0000000087e00000, 0x0000000087e00000|100%| O|  |TAMS 0x0000000087e00000, 0x0000000087d00000| Updating 
| 126|0x0000000087e00000, 0x0000000087f00000, 0x0000000087f00000|100%| O|  |TAMS 0x0000000087f00000, 0x0000000087e00000| Updating 
| 127|0x0000000087f00000, 0x0000000088000000, 0x0000000088000000|100%| O|  |TAMS 0x0000000088000000, 0x0000000087f00000| Updating 
| 128|0x0000000088000000, 0x0000000088100000, 0x0000000088100000|100%| O|  |TAMS 0x0000000088100000, 0x0000000088000000| Updating 
| 129|0x0000000088100000, 0x0000000088200000, 0x0000000088200000|100%|HS|  |TAMS 0x0000000088200000, 0x0000000088100000| Complete 
| 130|0x0000000088200000, 0x0000000088300000, 0x0000000088300000|100%|HC|  |TAMS 0x0000000088300000, 0x0000000088200000| Complete 
| 131|0x0000000088300000, 0x0000000088400000, 0x0000000088400000|100%|HC|  |TAMS 0x0000000088400000, 0x0000000088300000| Complete 
| 132|0x0000000088400000, 0x0000000088500000, 0x0000000088500000|100%|HS|  |TAMS 0x0000000088500000, 0x0000000088400000| Complete 
| 133|0x0000000088500000, 0x0000000088600000, 0x0000000088600000|100%|HC|  |TAMS 0x0000000088600000, 0x0000000088500000| Complete 
| 134|0x0000000088600000, 0x0000000088700000, 0x0000000088700000|100%|HS|  |TAMS 0x0000000088700000, 0x0000000088600000| Complete 
| 135|0x0000000088700000, 0x0000000088800000, 0x0000000088800000|100%|HC|  |TAMS 0x0000000088800000, 0x0000000088700000| Complete 
| 136|0x0000000088800000, 0x0000000088900000, 0x0000000088900000|100%|HC|  |TAMS 0x0000000088900000, 0x0000000088800000| Complete 
| 137|0x0000000088900000, 0x0000000088a00000, 0x0000000088a00000|100%|HC|  |TAMS 0x0000000088a00000, 0x0000000088900000| Complete 
| 138|0x0000000088a00000, 0x0000000088b00000, 0x0000000088b00000|100%|HC|  |TAMS 0x0000000088b00000, 0x0000000088a00000| Complete 
| 139|0x0000000088b00000, 0x0000000088c00000, 0x0000000088c00000|100%|HC|  |TAMS 0x0000000088c00000, 0x0000000088b00000| Complete 
| 140|0x0000000088c00000, 0x0000000088d00000, 0x0000000088d00000|100%|HC|  |TAMS 0x0000000088d00000, 0x0000000088c00000| Complete 
| 141|0x0000000088d00000, 0x0000000088e00000, 0x0000000088e00000|100%|HC|  |TAMS 0x0000000088e00000, 0x0000000088d00000| Complete 
| 142|0x0000000088e00000, 0x0000000088f00000, 0x0000000088f00000|100%|HC|  |TAMS 0x0000000088f00000, 0x0000000088e00000| Complete 
| 143|0x0000000088f00000, 0x0000000089000000, 0x0000000089000000|100%|HC|  |TAMS 0x0000000089000000, 0x0000000088f00000| Complete 
| 144|0x0000000089000000, 0x0000000089100000, 0x0000000089100000|100%|HS|  |TAMS 0x0000000089100000, 0x0000000089000000| Complete 
| 145|0x0000000089100000, 0x0000000089200000, 0x0000000089200000|100%|HC|  |TAMS 0x0000000089200000, 0x0000000089100000| Complete 
| 146|0x0000000089200000, 0x0000000089300000, 0x0000000089300000|100%|HS|  |TAMS 0x0000000089300000, 0x0000000089200000| Complete 
| 147|0x0000000089300000, 0x0000000089400000, 0x0000000089400000|100%|HC|  |TAMS 0x0000000089400000, 0x0000000089300000| Complete 
| 148|0x0000000089400000, 0x0000000089500000, 0x0000000089500000|100%|HC|  |TAMS 0x0000000089500000, 0x0000000089400000| Complete 
| 149|0x0000000089500000, 0x0000000089600000, 0x0000000089600000|100%|HC|  |TAMS 0x0000000089600000, 0x0000000089500000| Complete 
| 150|0x0000000089600000, 0x0000000089700000, 0x0000000089700000|100%|HC|  |TAMS 0x0000000089700000, 0x0000000089600000| Complete 
| 151|0x0000000089700000, 0x0000000089800000, 0x0000000089800000|100%| O|  |TAMS 0x0000000089800000, 0x0000000089700000| Updating 
| 152|0x0000000089800000, 0x0000000089900000, 0x0000000089900000|100%| O|  |TAMS 0x0000000089900000, 0x0000000089800000| Updating 
| 153|0x0000000089900000, 0x0000000089a00000, 0x0000000089a00000|100%| O|  |TAMS 0x0000000089a00000, 0x0000000089900000| Updating 
| 154|0x0000000089a00000, 0x0000000089b00000, 0x0000000089b00000|100%| O|  |TAMS 0x0000000089b00000, 0x0000000089a00000| Updating 
| 155|0x0000000089b00000, 0x0000000089c00000, 0x0000000089c00000|100%| O|  |TAMS 0x0000000089c00000, 0x0000000089b00000| Updating 
| 156|0x0000000089c00000, 0x0000000089d00000, 0x0000000089d00000|100%| O|  |TAMS 0x0000000089d00000, 0x0000000089c00000| Updating 
| 157|0x0000000089d00000, 0x0000000089e00000, 0x0000000089e00000|100%| O|  |TAMS 0x0000000089e00000, 0x0000000089d00000| Updating 
| 158|0x0000000089e00000, 0x0000000089f00000, 0x0000000089f00000|100%| O|  |TAMS 0x0000000089f00000, 0x0000000089e00000| Updating 
| 159|0x0000000089f00000, 0x000000008a000000, 0x000000008a000000|100%| O|  |TAMS 0x000000008a000000, 0x0000000089f00000| Updating 
| 160|0x000000008a000000, 0x000000008a100000, 0x000000008a100000|100%| O|  |TAMS 0x000000008a100000, 0x000000008a000000| Updating 
| 161|0x000000008a100000, 0x000000008a200000, 0x000000008a200000|100%| O|  |TAMS 0x000000008a200000, 0x000000008a100000| Updating 
| 162|0x000000008a200000, 0x000000008a300000, 0x000000008a300000|100%| O|  |TAMS 0x000000008a300000, 0x000000008a200000| Updating 
| 163|0x000000008a300000, 0x000000008a400000, 0x000000008a400000|100%| O|  |TAMS 0x000000008a400000, 0x000000008a300000| Updating 
| 164|0x000000008a400000, 0x000000008a500000, 0x000000008a500000|100%| O|  |TAMS 0x000000008a500000, 0x000000008a400000| Updating 
| 165|0x000000008a500000, 0x000000008a600000, 0x000000008a600000|100%| O|  |TAMS 0x000000008a600000, 0x000000008a500000| Updating 
| 166|0x000000008a600000, 0x000000008a700000, 0x000000008a700000|100%| O|  |TAMS 0x000000008a700000, 0x000000008a600000| Updating 
| 167|0x000000008a700000, 0x000000008a800000, 0x000000008a800000|100%| O|  |TAMS 0x000000008a800000, 0x000000008a700000| Updating 
| 168|0x000000008a800000, 0x000000008a900000, 0x000000008a900000|100%| O|  |TAMS 0x000000008a900000, 0x000000008a800000| Updating 
| 169|0x000000008a900000, 0x000000008aa00000, 0x000000008aa00000|100%| O|  |TAMS 0x000000008aa00000, 0x000000008a900000| Updating 
| 170|0x000000008aa00000, 0x000000008ab00000, 0x000000008ab00000|100%| O|  |TAMS 0x000000008ab00000, 0x000000008aa00000| Updating 
| 171|0x000000008ab00000, 0x000000008ac00000, 0x000000008ac00000|100%| O|  |TAMS 0x000000008ac00000, 0x000000008ab00000| Updating 
| 172|0x000000008ac00000, 0x000000008ad00000, 0x000000008ad00000|100%| O|  |TAMS 0x000000008ad00000, 0x000000008ac00000| Updating 
| 173|0x000000008ad00000, 0x000000008ae00000, 0x000000008ae00000|100%| O|  |TAMS 0x000000008ae00000, 0x000000008ad00000| Updating 
| 174|0x000000008ae00000, 0x000000008af00000, 0x000000008af00000|100%| O|  |TAMS 0x000000008af00000, 0x000000008ae00000| Updating 
| 175|0x000000008af00000, 0x000000008b000000, 0x000000008b000000|100%| O|  |TAMS 0x000000008b000000, 0x000000008af00000| Updating 
| 176|0x000000008b000000, 0x000000008b100000, 0x000000008b100000|100%| O|  |TAMS 0x000000008b100000, 0x000000008b000000| Updating 
| 177|0x000000008b100000, 0x000000008b200000, 0x000000008b200000|100%| O|  |TAMS 0x000000008b200000, 0x000000008b100000| Updating 
| 178|0x000000008b200000, 0x000000008b300000, 0x000000008b300000|100%| O|  |TAMS 0x000000008b300000, 0x000000008b200000| Updating 
| 179|0x000000008b300000, 0x000000008b400000, 0x000000008b400000|100%| O|  |TAMS 0x000000008b400000, 0x000000008b300000| Updating 
| 180|0x000000008b400000, 0x000000008b500000, 0x000000008b500000|100%| O|  |TAMS 0x000000008b500000, 0x000000008b400000| Updating 
| 181|0x000000008b500000, 0x000000008b600000, 0x000000008b600000|100%| O|  |TAMS 0x000000008b600000, 0x000000008b500000| Updating 
| 182|0x000000008b600000, 0x000000008b700000, 0x000000008b700000|100%| O|  |TAMS 0x000000008b700000, 0x000000008b600000| Updating 
| 183|0x000000008b700000, 0x000000008b800000, 0x000000008b800000|100%| O|  |TAMS 0x000000008b800000, 0x000000008b700000| Updating 
| 184|0x000000008b800000, 0x000000008b900000, 0x000000008b900000|100%| O|  |TAMS 0x000000008b900000, 0x000000008b800000| Updating 
| 185|0x000000008b900000, 0x000000008ba00000, 0x000000008ba00000|100%| O|  |TAMS 0x000000008ba00000, 0x000000008b900000| Updating 
| 186|0x000000008ba00000, 0x000000008bb00000, 0x000000008bb00000|100%| O|  |TAMS 0x000000008bb00000, 0x000000008ba00000| Updating 
| 187|0x000000008bb00000, 0x000000008bc00000, 0x000000008bc00000|100%|HS|  |TAMS 0x000000008bc00000, 0x000000008bb00000| Complete 
| 188|0x000000008bc00000, 0x000000008bd00000, 0x000000008bd00000|100%| O|  |TAMS 0x000000008bd00000, 0x000000008bc00000| Updating 
| 189|0x000000008bd00000, 0x000000008be00000, 0x000000008be00000|100%| O|  |TAMS 0x000000008be00000, 0x000000008bd00000| Updating 
| 190|0x000000008be00000, 0x000000008bf00000, 0x000000008bf00000|100%| O|  |TAMS 0x000000008bf00000, 0x000000008be00000| Updating 
| 191|0x000000008bf00000, 0x000000008c000000, 0x000000008c000000|100%| O|  |TAMS 0x000000008c000000, 0x000000008bf00000| Updating 
| 192|0x000000008c000000, 0x000000008c100000, 0x000000008c100000|100%| O|  |TAMS 0x000000008c100000, 0x000000008c000000| Updating 
| 193|0x000000008c100000, 0x000000008c200000, 0x000000008c200000|100%| O|  |TAMS 0x000000008c200000, 0x000000008c100000| Updating 
| 194|0x000000008c200000, 0x000000008c300000, 0x000000008c300000|100%| O|  |TAMS 0x000000008c300000, 0x000000008c200000| Updating 
| 195|0x000000008c300000, 0x000000008c400000, 0x000000008c400000|100%|HS|  |TAMS 0x000000008c400000, 0x000000008c300000| Complete 
| 196|0x000000008c400000, 0x000000008c500000, 0x000000008c500000|100%| O|  |TAMS 0x000000008c500000, 0x000000008c400000| Updating 
| 197|0x000000008c500000, 0x000000008c600000, 0x000000008c600000|100%| O|  |TAMS 0x000000008c600000, 0x000000008c500000| Updating 
| 198|0x000000008c600000, 0x000000008c700000, 0x000000008c700000|100%| O|  |TAMS 0x000000008c700000, 0x000000008c600000| Updating 
| 199|0x000000008c700000, 0x000000008c800000, 0x000000008c800000|100%| O|  |TAMS 0x000000008c800000, 0x000000008c700000| Updating 
| 200|0x000000008c800000, 0x000000008c900000, 0x000000008c900000|100%|HS|  |TAMS 0x000000008c900000, 0x000000008c800000| Complete 
| 201|0x000000008c900000, 0x000000008ca00000, 0x000000008ca00000|100%| O|  |TAMS 0x000000008ca00000, 0x000000008c900000| Updating 
| 202|0x000000008ca00000, 0x000000008cb00000, 0x000000008cb00000|100%|HS|  |TAMS 0x000000008cb00000, 0x000000008ca00000| Complete 
| 203|0x000000008cb00000, 0x000000008cc00000, 0x000000008cc00000|100%| O|  |TAMS 0x000000008cc00000, 0x000000008cb00000| Updating 
| 204|0x000000008cc00000, 0x000000008cd00000, 0x000000008cd00000|100%| O|  |TAMS 0x000000008cd00000, 0x000000008cc00000| Updating 
| 205|0x000000008cd00000, 0x000000008ce00000, 0x000000008ce00000|100%| O|  |TAMS 0x000000008ce00000, 0x000000008cd00000| Updating 
| 206|0x000000008ce00000, 0x000000008cf00000, 0x000000008cf00000|100%| O|  |TAMS 0x000000008cf00000, 0x000000008ce00000| Updating 
| 207|0x000000008cf00000, 0x000000008d000000, 0x000000008d000000|100%| O|  |TAMS 0x000000008d000000, 0x000000008cf00000| Updating 
| 208|0x000000008d000000, 0x000000008d100000, 0x000000008d100000|100%| O|  |TAMS 0x000000008d100000, 0x000000008d000000| Updating 
| 209|0x000000008d100000, 0x000000008d200000, 0x000000008d200000|100%| O|  |TAMS 0x000000008d200000, 0x000000008d100000| Updating 
| 210|0x000000008d200000, 0x000000008d300000, 0x000000008d300000|100%| O|  |TAMS 0x000000008d300000, 0x000000008d200000| Updating 
| 211|0x000000008d300000, 0x000000008d400000, 0x000000008d400000|100%| O|  |TAMS 0x000000008d400000, 0x000000008d300000| Updating 
| 212|0x000000008d400000, 0x000000008d500000, 0x000000008d500000|100%| O|  |TAMS 0x000000008d500000, 0x000000008d400000| Updating 
| 213|0x000000008d500000, 0x000000008d600000, 0x000000008d600000|100%| O|  |TAMS 0x000000008d600000, 0x000000008d500000| Updating 
| 214|0x000000008d600000, 0x000000008d700000, 0x000000008d700000|100%| O|  |TAMS 0x000000008d700000, 0x000000008d600000| Updating 
| 215|0x000000008d700000, 0x000000008d800000, 0x000000008d800000|100%| O|  |TAMS 0x000000008d800000, 0x000000008d700000| Updating 
| 216|0x000000008d800000, 0x000000008d900000, 0x000000008d900000|100%| O|  |TAMS 0x000000008d900000, 0x000000008d800000| Updating 
| 217|0x000000008d900000, 0x000000008da00000, 0x000000008da00000|100%| O|  |TAMS 0x000000008da00000, 0x000000008d900000| Updating 
| 218|0x000000008da00000, 0x000000008db00000, 0x000000008db00000|100%| O|  |TAMS 0x000000008db00000, 0x000000008da00000| Updating 
| 219|0x000000008db00000, 0x000000008dbdbc00, 0x000000008dc00000| 85%| O|  |TAMS 0x000000008dbdbc00, 0x000000008db00000| Updating 
| 220|0x000000008dc00000, 0x000000008dc00000, 0x000000008dd00000|  0%| F|  |TAMS 0x000000008dc00000, 0x000000008dc00000| Untracked 
| 221|0x000000008dd00000, 0x000000008dd00000, 0x000000008de00000|  0%| F|  |TAMS 0x000000008dd00000, 0x000000008dd00000| Untracked 
| 222|0x000000008de00000, 0x000000008de00000, 0x000000008df00000|  0%| F|  |TAMS 0x000000008de00000, 0x000000008de00000| Untracked 
| 223|0x000000008df00000, 0x000000008df00000, 0x000000008e000000|  0%| F|  |TAMS 0x000000008df00000, 0x000000008df00000| Untracked 
| 224|0x000000008e000000, 0x000000008e000000, 0x000000008e100000|  0%| F|  |TAMS 0x000000008e000000, 0x000000008e000000| Untracked 
| 225|0x000000008e100000, 0x000000008e100000, 0x000000008e200000|  0%| F|  |TAMS 0x000000008e100000, 0x000000008e100000| Untracked 
| 226|0x000000008e200000, 0x000000008e200000, 0x000000008e300000|  0%| F|  |TAMS 0x000000008e200000, 0x000000008e200000| Untracked 
| 227|0x000000008e300000, 0x000000008e300000, 0x000000008e400000|  0%| F|  |TAMS 0x000000008e300000, 0x000000008e300000| Untracked 
| 228|0x000000008e400000, 0x000000008e400000, 0x000000008e500000|  0%| F|  |TAMS 0x000000008e400000, 0x000000008e400000| Untracked 
| 229|0x000000008e500000, 0x000000008e500000, 0x000000008e600000|  0%| F|  |TAMS 0x000000008e500000, 0x000000008e500000| Untracked 
| 230|0x000000008e600000, 0x000000008e600000, 0x000000008e700000|  0%| F|  |TAMS 0x000000008e600000, 0x000000008e600000| Untracked 
| 231|0x000000008e700000, 0x000000008e700000, 0x000000008e800000|  0%| F|  |TAMS 0x000000008e700000, 0x000000008e700000| Untracked 
| 232|0x000000008e800000, 0x000000008e800000, 0x000000008e900000|  0%| F|  |TAMS 0x000000008e800000, 0x000000008e800000| Untracked 
| 233|0x000000008e900000, 0x000000008e900000, 0x000000008ea00000|  0%| F|  |TAMS 0x000000008e900000, 0x000000008e900000| Untracked 
| 234|0x000000008ea00000, 0x000000008ea00000, 0x000000008eb00000|  0%| F|  |TAMS 0x000000008ea00000, 0x000000008ea00000| Untracked 
| 235|0x000000008eb00000, 0x000000008eb00000, 0x000000008ec00000|  0%| F|  |TAMS 0x000000008eb00000, 0x000000008eb00000| Untracked 
| 236|0x000000008ec00000, 0x000000008ec00000, 0x000000008ed00000|  0%| F|  |TAMS 0x000000008ec00000, 0x000000008ec00000| Untracked 
| 237|0x000000008ed00000, 0x000000008ed00000, 0x000000008ee00000|  0%| F|  |TAMS 0x000000008ed00000, 0x000000008ed00000| Untracked 
| 238|0x000000008ee00000, 0x000000008ee00000, 0x000000008ef00000|  0%| F|  |TAMS 0x000000008ee00000, 0x000000008ee00000| Untracked 
| 239|0x000000008ef00000, 0x000000008ef00000, 0x000000008f000000|  0%| F|  |TAMS 0x000000008ef00000, 0x000000008ef00000| Untracked 
| 240|0x000000008f000000, 0x000000008f000000, 0x000000008f100000|  0%| F|  |TAMS 0x000000008f000000, 0x000000008f000000| Untracked 
| 241|0x000000008f100000, 0x000000008f100000, 0x000000008f200000|  0%| F|  |TAMS 0x000000008f100000, 0x000000008f100000| Untracked 
| 242|0x000000008f200000, 0x000000008f200000, 0x000000008f300000|  0%| F|  |TAMS 0x000000008f200000, 0x000000008f200000| Untracked 
| 243|0x000000008f300000, 0x000000008f300000, 0x000000008f400000|  0%| F|  |TAMS 0x000000008f300000, 0x000000008f300000| Untracked 
| 244|0x000000008f400000, 0x000000008f400000, 0x000000008f500000|  0%| F|  |TAMS 0x000000008f400000, 0x000000008f400000| Untracked 
| 245|0x000000008f500000, 0x000000008f500000, 0x000000008f600000|  0%| F|  |TAMS 0x000000008f500000, 0x000000008f500000| Untracked 
| 246|0x000000008f600000, 0x000000008f600000, 0x000000008f700000|  0%| F|  |TAMS 0x000000008f600000, 0x000000008f600000| Untracked 
| 247|0x000000008f700000, 0x000000008f700000, 0x000000008f800000|  0%| F|  |TAMS 0x000000008f700000, 0x000000008f700000| Untracked 
| 248|0x000000008f800000, 0x000000008f800000, 0x000000008f900000|  0%| F|  |TAMS 0x000000008f800000, 0x000000008f800000| Untracked 
| 249|0x000000008f900000, 0x000000008f900000, 0x000000008fa00000|  0%| F|  |TAMS 0x000000008f900000, 0x000000008f900000| Untracked 
| 250|0x000000008fa00000, 0x000000008fa00000, 0x000000008fb00000|  0%| F|  |TAMS 0x000000008fa00000, 0x000000008fa00000| Untracked 
| 251|0x000000008fb00000, 0x000000008fb00000, 0x000000008fc00000|  0%| F|  |TAMS 0x000000008fb00000, 0x000000008fb00000| Untracked 
| 252|0x000000008fc00000, 0x000000008fc00000, 0x000000008fd00000|  0%| F|  |TAMS 0x000000008fc00000, 0x000000008fc00000| Untracked 
| 253|0x000000008fd00000, 0x000000008fd00000, 0x000000008fe00000|  0%| F|  |TAMS 0x000000008fd00000, 0x000000008fd00000| Untracked 
| 254|0x000000008fe00000, 0x000000008fe00000, 0x000000008ff00000|  0%| F|  |TAMS 0x000000008fe00000, 0x000000008fe00000| Untracked 
| 255|0x000000008ff00000, 0x000000008ff00000, 0x0000000090000000|  0%| F|  |TAMS 0x000000008ff00000, 0x000000008ff00000| Untracked 
| 256|0x0000000090000000, 0x0000000090100000, 0x0000000090100000|100%| S|CS|TAMS 0x0000000090000000, 0x0000000090000000| Complete 
| 257|0x0000000090100000, 0x0000000090200000, 0x0000000090200000|100%| S|CS|TAMS 0x0000000090100000, 0x0000000090100000| Complete 
| 258|0x0000000090200000, 0x0000000090300000, 0x0000000090300000|100%| S|CS|TAMS 0x0000000090200000, 0x0000000090200000| Complete 
| 259|0x0000000090300000, 0x0000000090400000, 0x0000000090400000|100%| S|CS|TAMS 0x0000000090300000, 0x0000000090300000| Complete 
| 260|0x0000000090400000, 0x0000000090400000, 0x0000000090500000|  0%| F|  |TAMS 0x0000000090400000, 0x0000000090400000| Untracked 
| 261|0x0000000090500000, 0x0000000090500000, 0x0000000090600000|  0%| F|  |TAMS 0x0000000090500000, 0x0000000090500000| Untracked 
| 262|0x0000000090600000, 0x0000000090600000, 0x0000000090700000|  0%| F|  |TAMS 0x0000000090600000, 0x0000000090600000| Untracked 
| 263|0x0000000090700000, 0x0000000090700000, 0x0000000090800000|  0%| F|  |TAMS 0x0000000090700000, 0x0000000090700000| Untracked 
| 264|0x0000000090800000, 0x0000000090800000, 0x0000000090900000|  0%| F|  |TAMS 0x0000000090800000, 0x0000000090800000| Untracked 
| 265|0x0000000090900000, 0x0000000090900000, 0x0000000090a00000|  0%| F|  |TAMS 0x0000000090900000, 0x0000000090900000| Untracked 
| 266|0x0000000090a00000, 0x0000000090a00000, 0x0000000090b00000|  0%| F|  |TAMS 0x0000000090a00000, 0x0000000090a00000| Untracked 
| 267|0x0000000090b00000, 0x0000000090b00000, 0x0000000090c00000|  0%| F|  |TAMS 0x0000000090b00000, 0x0000000090b00000| Untracked 
| 268|0x0000000090c00000, 0x0000000090c00000, 0x0000000090d00000|  0%| F|  |TAMS 0x0000000090c00000, 0x0000000090c00000| Untracked 
| 269|0x0000000090d00000, 0x0000000090d00000, 0x0000000090e00000|  0%| F|  |TAMS 0x0000000090d00000, 0x0000000090d00000| Untracked 
| 270|0x0000000090e00000, 0x0000000090e00000, 0x0000000090f00000|  0%| F|  |TAMS 0x0000000090e00000, 0x0000000090e00000| Untracked 
| 271|0x0000000090f00000, 0x0000000090f00000, 0x0000000091000000|  0%| F|  |TAMS 0x0000000090f00000, 0x0000000090f00000| Untracked 
| 272|0x0000000091000000, 0x0000000091000000, 0x0000000091100000|  0%| F|  |TAMS 0x0000000091000000, 0x0000000091000000| Untracked 
| 273|0x0000000091100000, 0x0000000091100000, 0x0000000091200000|  0%| F|  |TAMS 0x0000000091100000, 0x0000000091100000| Untracked 
| 274|0x0000000091200000, 0x0000000091200000, 0x0000000091300000|  0%| F|  |TAMS 0x0000000091200000, 0x0000000091200000| Untracked 
| 275|0x0000000091300000, 0x0000000091300000, 0x0000000091400000|  0%| F|  |TAMS 0x0000000091300000, 0x0000000091300000| Untracked 
| 276|0x0000000091400000, 0x0000000091400000, 0x0000000091500000|  0%| F|  |TAMS 0x0000000091400000, 0x0000000091400000| Untracked 
| 277|0x0000000091500000, 0x00000000915e0a20, 0x0000000091600000| 87%| E|  |TAMS 0x0000000091500000, 0x0000000091500000| Complete 
| 278|0x0000000091600000, 0x0000000091700000, 0x0000000091700000|100%| E|CS|TAMS 0x0000000091600000, 0x0000000091600000| Complete 
| 279|0x0000000091700000, 0x0000000091800000, 0x0000000091800000|100%| E|CS|TAMS 0x0000000091700000, 0x0000000091700000| Complete 
| 280|0x0000000091800000, 0x0000000091900000, 0x0000000091900000|100%| E|CS|TAMS 0x0000000091800000, 0x0000000091800000| Complete 
| 281|0x0000000091900000, 0x0000000091a00000, 0x0000000091a00000|100%| E|CS|TAMS 0x0000000091900000, 0x0000000091900000| Complete 

Card table byte_map: [0x0000025daeef0000,0x0000025daf2f0000] _byte_map_base: 0x0000025daeaf0000

Marking Bits (Prev, Next): (CMBitMap*) 0x0000025d9c003b10, (CMBitMap*) 0x0000025d9c003ad8
 Prev Bits: [0x0000025db16f0000, 0x0000025db36f0000)
 Next Bits: [0x0000025daf6f0000, 0x0000025db16f0000)

Polling page: 0x0000025d9a150000

Metaspace:

Usage:
  Non-class:    116.74 MB capacity,   114.40 MB ( 98%) used,     1.91 MB (  2%) free+waste,   432.25 KB ( <1%) overhead. 
      Class:     17.76 MB capacity,    16.41 MB ( 92%) used,     1.17 MB (  7%) free+waste,   192.38 KB (  1%) overhead. 
       Both:    134.50 MB capacity,   130.81 MB ( 97%) used,     3.08 MB (  2%) free+waste,   624.62 KB ( <1%) overhead. 

Virtual space:
  Non-class space:      118.00 MB reserved,     116.83 MB (>99%) committed 
      Class space:        1.00 GB reserved,      17.88 MB (  2%) committed 
             Both:        1.12 GB reserved,     134.70 MB ( 12%) committed 

Chunk freelists:
   Non-Class:  27.00 KB
       Class:  18.00 KB
        Both:  45.00 KB

MaxMetaspaceSize: 17179869184.00 GB
CompressedClassSpaceSize: 1.00 GB
Initial GC threshold: 20.80 MB
Current GC threshold: 223.88 MB
CDS: off

CodeHeap 'non-profiled nmethods': size=120064Kb used=11182Kb max_used=11182Kb free=108881Kb
 bounds [0x0000025da75b0000, 0x0000025da80a0000, 0x0000025daeaf0000]
CodeHeap 'profiled nmethods': size=120000Kb used=40395Kb max_used=40395Kb free=79604Kb
 bounds [0x0000025da0080000, 0x0000025da2800000, 0x0000025da75b0000]
CodeHeap 'non-nmethods': size=5696Kb used=2494Kb max_used=2540Kb free=3201Kb
 bounds [0x0000025d9faf0000, 0x0000025d9fd80000, 0x0000025da0080000]
 total_blobs=18605 nmethods=17571 adapters=946
 compilation: enabled
              stopped_count=0, restarted_count=0
 full_count=0

Compilation events (20 events):
Event: 80.024 Thread 0x0000025db5bff800 nmethod 17636 0x0000025da27cc310 code [0x0000025da27cc4c0, 0x0000025da27cc618]
Event: 80.033 Thread 0x0000025db5bff800 17637       3       com.android.tools.r8.graph.a1::get (2 bytes)
Event: 80.034 Thread 0x0000025db5bff800 nmethod 17637 0x0000025da27cc690 code [0x0000025da27cc840, 0x0000025da27cc938]
Event: 80.034 Thread 0x0000025db5bff800 17639       1       com.android.tools.r8.synthesis.z::a (5 bytes)
Event: 80.034 Thread 0x0000025db5bff800 nmethod 17639 0x0000025da808b810 code [0x0000025da808b9c0, 0x0000025da808ba78]
Event: 80.034 Thread 0x0000025db5bff800 17640       3       com.android.tools.r8.graph.g::a (8 bytes)
Event: 80.035 Thread 0x0000025db5bff800 nmethod 17640 0x0000025da27cca10 code [0x0000025da27ccbc0, 0x0000025da27ccdb8]
Event: 80.035 Thread 0x0000025db5bff800 17641       3       com.android.tools.r8.graph.d::l (8 bytes)
Event: 80.035 Thread 0x0000025db5bff800 nmethod 17641 0x0000025da27cce90 code [0x0000025da27cd040, 0x0000025da27cd158]
Event: 80.035 Thread 0x0000025db5bff800 17642       3       com.android.tools.r8.graph.g::T (8 bytes)
Event: 80.035 Thread 0x0000025db5bff800 nmethod 17642 0x0000025da27cd210 code [0x0000025da27cd3c0, 0x0000025da27cd538]
Event: 80.035 Thread 0x0000025db5bff800 17643       3       com.android.tools.r8.synthesis.z::a (469 bytes)
Event: 80.038 Thread 0x0000025db5bff800 nmethod 17643 0x0000025da27cd610 code [0x0000025da27cdc20, 0x0000025da27d1878]
Event: 80.038 Thread 0x0000025db5bff800 17644       3       com.android.tools.r8.synthesis.z::d (22 bytes)
Event: 80.038 Thread 0x0000025db5bff800 nmethod 17644 0x0000025da27d2a90 code [0x0000025da27d2c60, 0x0000025da27d2ea8]
Event: 80.038 Thread 0x0000025db5bff800 17645       3       com.android.tools.r8.synthesis.z::c (22 bytes)
Event: 80.038 Thread 0x0000025db5bff800 nmethod 17645 0x0000025da27d2f90 code [0x0000025da27d3160, 0x0000025da27d33a8]
Event: 80.075 Thread 0x0000025db5bfa000 nmethod 17505% 0x0000025da808bb10 code [0x0000025da808c1a0, 0x0000025da80939f8]
Event: 80.076 Thread 0x0000025db5bfa000 17638       4       com.android.tools.r8.graph.a1::get (2 bytes)
Event: 80.076 Thread 0x0000025db5bfa000 nmethod 17638 0x0000025da8098790 code [0x0000025da8098920, 0x0000025da8098978]

GC Heap History (20 events):
Event: 73.590 GC heap before
{Heap before GC invocations=96 (full 0):
 garbage-first heap   total 288768K, used 238478K [0x0000000080000000, 0x0000000100000000)
  region size 1024K, 38 young (38912K), 1 survivors (1024K)
 Metaspace       used 121822K, capacity 125279K, committed 125648K, reserved 1159168K
  class space    used 15084K, capacity 16387K, committed 16512K, reserved 1048576K
}
Event: 73.595 GC heap after
{Heap after GC invocations=97 (full 0):
 garbage-first heap   total 288768K, used 202174K [0x0000000080000000, 0x0000000100000000)
  region size 1024K, 2 young (2048K), 2 survivors (2048K)
 Metaspace       used 121822K, capacity 125279K, committed 125648K, reserved 1159168K
  class space    used 15084K, capacity 16387K, committed 16512K, reserved 1048576K
}
Event: 73.841 GC heap before
{Heap before GC invocations=97 (full 0):
 garbage-first heap   total 288768K, used 214462K [0x0000000080000000, 0x0000000100000000)
  region size 1024K, 14 young (14336K), 2 survivors (2048K)
 Metaspace       used 122741K, capacity 126207K, committed 126416K, reserved 1159168K
  class space    used 15204K, capacity 16483K, committed 16512K, reserved 1048576K
}
Event: 73.848 GC heap after
{Heap after GC invocations=98 (full 0):
 garbage-first heap   total 288768K, used 196210K [0x0000000080000000, 0x0000000100000000)
  region size 1024K, 2 young (2048K), 2 survivors (2048K)
 Metaspace       used 122741K, capacity 126207K, committed 126416K, reserved 1159168K
  class space    used 15204K, capacity 16483K, committed 16512K, reserved 1048576K
}
Event: 74.818 GC heap before
{Heap before GC invocations=98 (full 0):
 garbage-first heap   total 288768K, used 238194K [0x0000000080000000, 0x0000000100000000)
  region size 1024K, 44 young (45056K), 2 survivors (2048K)
 Metaspace       used 124798K, capacity 128313K, committed 128464K, reserved 1161216K
  class space    used 15429K, capacity 16743K, committed 16768K, reserved 1048576K
}
Event: 74.827 GC heap after
{Heap after GC invocations=99 (full 0):
 garbage-first heap   total 288768K, used 199207K [0x0000000080000000, 0x0000000100000000)
  region size 1024K, 5 young (5120K), 5 survivors (5120K)
 Metaspace       used 124798K, capacity 128313K, committed 128464K, reserved 1161216K
  class space    used 15429K, capacity 16743K, committed 16768K, reserved 1048576K
}
Event: 75.817 GC heap before
{Heap before GC invocations=100 (full 0):
 garbage-first heap   total 288768K, used 243239K [0x0000000080000000, 0x0000000100000000)
  region size 1024K, 47 young (48128K), 5 survivors (5120K)
 Metaspace       used 126054K, capacity 129594K, committed 129744K, reserved 1163264K
  class space    used 15593K, capacity 16918K, committed 17024K, reserved 1048576K
}
Event: 75.835 GC heap after
{Heap after GC invocations=101 (full 0):
 garbage-first heap   total 288768K, used 200692K [0x0000000080000000, 0x0000000100000000)
  region size 1024K, 5 young (5120K), 5 survivors (5120K)
 Metaspace       used 126054K, capacity 129594K, committed 129744K, reserved 1163264K
  class space    used 15593K, capacity 16918K, committed 17024K, reserved 1048576K
}
Event: 76.133 GC heap before
{Heap before GC invocations=101 (full 0):
 garbage-first heap   total 288768K, used 209908K [0x0000000080000000, 0x0000000100000000)
  region size 1024K, 14 young (14336K), 5 survivors (5120K)
 Metaspace       used 126077K, capacity 129664K, committed 130000K, reserved 1163264K
  class space    used 15595K, capacity 16920K, committed 17024K, reserved 1048576K
}
Event: 76.154 GC heap after
{Heap after GC invocations=102 (full 0):
 garbage-first heap   total 288768K, used 200427K [0x0000000080000000, 0x0000000100000000)
  region size 1024K, 1 young (1024K), 1 survivors (1024K)
 Metaspace       used 126077K, capacity 129664K, committed 130000K, reserved 1163264K
  class space    used 15595K, capacity 16920K, committed 17024K, reserved 1048576K
}
Event: 77.813 GC heap before
{Heap before GC invocations=102 (full 0):
 garbage-first heap   total 288768K, used 234219K [0x0000000080000000, 0x0000000100000000)
  region size 1024K, 36 young (36864K), 1 survivors (1024K)
 Metaspace       used 127288K, capacity 130962K, committed 131152K, reserved 1163264K
  class space    used 15721K, capacity 17064K, committed 17152K, reserved 1048576K
}
Event: 77.821 GC heap after
{Heap after GC invocations=103 (full 0):
 garbage-first heap   total 288768K, used 202421K [0x0000000080000000, 0x0000000100000000)
  region size 1024K, 3 young (3072K), 3 survivors (3072K)
 Metaspace       used 127288K, capacity 130962K, committed 131152K, reserved 1163264K
  class space    used 15721K, capacity 17064K, committed 17152K, reserved 1048576K
}
Event: 78.370 GC heap before
{Heap before GC invocations=104 (full 0):
 garbage-first heap   total 288768K, used 203445K [0x0000000080000000, 0x0000000100000000)
  region size 1024K, 4 young (4096K), 3 survivors (3072K)
 Metaspace       used 127288K, capacity 130962K, committed 131152K, reserved 1163264K
  class space    used 15721K, capacity 17064K, committed 17152K, reserved 1048576K
}
Event: 78.376 GC heap after
{Heap after GC invocations=105 (full 0):
 garbage-first heap   total 288768K, used 204074K [0x0000000080000000, 0x0000000100000000)
  region size 1024K, 4 young (4096K), 4 survivors (4096K)
 Metaspace       used 127288K, capacity 130962K, committed 131152K, reserved 1163264K
  class space    used 15721K, capacity 17064K, committed 17152K, reserved 1048576K
}
Event: 79.048 GC heap before
{Heap before GC invocations=106 (full 0):
 garbage-first heap   total 288768K, used 216362K [0x0000000080000000, 0x0000000100000000)
  region size 1024K, 17 young (17408K), 4 survivors (4096K)
 Metaspace       used 130157K, capacity 133808K, committed 134096K, reserved 1165312K
  class space    used 16128K, capacity 17483K, committed 17536K, reserved 1048576K
}
Event: 79.056 GC heap after
{Heap after GC invocations=107 (full 0):
 garbage-first heap   total 288768K, used 206942K [0x0000000080000000, 0x0000000100000000)
  region size 1024K, 3 young (3072K), 3 survivors (3072K)
 Metaspace       used 130157K, capacity 133808K, committed 134096K, reserved 1165312K
  class space    used 16128K, capacity 17483K, committed 17536K, reserved 1048576K
}
Event: 79.544 GC heap before
{Heap before GC invocations=108 (full 0):
 garbage-first heap   total 288768K, used 237662K [0x0000000080000000, 0x0000000100000000)
  region size 1024K, 30 young (30720K), 3 survivors (3072K)
 Metaspace       used 132555K, capacity 136323K, committed 136400K, reserved 1167360K
  class space    used 16629K, capacity 18027K, committed 18048K, reserved 1048576K
}
Event: 79.565 GC heap after
{Heap after GC invocations=109 (full 0):
 garbage-first heap   total 288768K, used 217545K [0x0000000080000000, 0x0000000100000000)
  region size 1024K, 4 young (4096K), 4 survivors (4096K)
 Metaspace       used 132555K, capacity 136323K, committed 136400K, reserved 1167360K
  class space    used 16629K, capacity 18027K, committed 18048K, reserved 1048576K
}
Event: 79.875 GC heap before
{Heap before GC invocations=109 (full 0):
 garbage-first heap   total 288768K, used 240073K [0x0000000080000000, 0x0000000100000000)
  region size 1024K, 26 young (26624K), 4 survivors (4096K)
 Metaspace       used 132776K, capacity 136596K, committed 136656K, reserved 1167360K
  class space    used 16629K, capacity 18027K, committed 18048K, reserved 1048576K
}
Event: 79.903 GC heap after
{Heap after GC invocations=110 (full 0):
 garbage-first heap   total 288768K, used 229231K [0x0000000080000000, 0x0000000100000000)
  region size 1024K, 4 young (4096K), 4 survivors (4096K)
 Metaspace       used 132776K, capacity 136596K, committed 136656K, reserved 1167360K
  class space    used 16629K, capacity 18027K, committed 18048K, reserved 1048576K
}

Deoptimization events (20 events):
Event: 79.190 Thread 0x0000025dbc63b800 DEOPT PACKING pc=0x0000025da8046f54 sp=0x00000091dc0fd130
Event: 79.190 Thread 0x0000025dbc63b800 DEOPT UNPACKING pc=0x0000025d9fb3a1af sp=0x00000091dc0fd0b8 mode 2
Event: 79.480 Thread 0x0000025dbc641800 Uncommon trap: trap_request=0xffffff4d fr.pc=0x0000025da7ddf354 relative=0x00000000000001b4
Event: 79.480 Thread 0x0000025dbc641800 Uncommon trap: reason=unstable_if action=reinterpret pc=0x0000025da7ddf354 method=jdk.internal.util.ArraysSupport.mismatch([B[BI)I @ 14 c2
Event: 79.480 Thread 0x0000025dbc641800 DEOPT PACKING pc=0x0000025da7ddf354 sp=0x00000091dc9fed30
Event: 79.481 Thread 0x0000025dbc641800 DEOPT UNPACKING pc=0x0000025d9fb3a1af sp=0x00000091dc9fec68 mode 2
Event: 79.615 Thread 0x0000025dbc640800 DEOPT PACKING pc=0x0000025da271116d sp=0x00000091dc8fea60
Event: 79.615 Thread 0x0000025dbc640800 DEOPT UNPACKING pc=0x0000025d9fb3a95e sp=0x00000091dc8fe0a0 mode 0
Event: 79.662 Thread 0x0000025dbc641800 DEOPT PACKING pc=0x0000025da26f10db sp=0x00000091dc9fe960
Event: 79.663 Thread 0x0000025dbc641800 DEOPT UNPACKING pc=0x0000025d9fb3a95e sp=0x00000091dc9fdfe0 mode 0
Event: 79.836 Thread 0x0000025dbc645800 Uncommon trap: trap_request=0xffffff4d fr.pc=0x0000025da80467b0 relative=0x0000000000000090
Event: 79.836 Thread 0x0000025dbc645800 Uncommon trap: reason=unstable_if action=reinterpret pc=0x0000025da80467b0 method=com.android.tools.r8.internal.rp.d(I)Z @ 45 c2
Event: 79.836 Thread 0x0000025dbc645800 DEOPT PACKING pc=0x0000025da80467b0 sp=0x00000091dcbfe5a0
Event: 79.836 Thread 0x0000025dbc645800 DEOPT UNPACKING pc=0x0000025d9fb3a1af sp=0x00000091dcbfe4d0 mode 2
Event: 79.845 Thread 0x0000025dbc640800 DEOPT PACKING pc=0x0000025da272f44e sp=0x00000091dc8fe3e0
Event: 79.845 Thread 0x0000025dbc640800 DEOPT UNPACKING pc=0x0000025d9fb3a95e sp=0x00000091dc8fd960 mode 0
Event: 80.014 Thread 0x0000025dbc63b800 Uncommon trap: trap_request=0xffffff4d fr.pc=0x0000025da807719c relative=0x000000000000053c
Event: 80.014 Thread 0x0000025dbc63b800 Uncommon trap: reason=unstable_if action=reinterpret pc=0x0000025da807719c method=com.android.tools.r8.graph.T0.h(Ljava/lang/Object;)Z @ 23 c2
Event: 80.015 Thread 0x0000025dbc63b800 DEOPT PACKING pc=0x0000025da807719c sp=0x00000091dc0fd110
Event: 80.015 Thread 0x0000025dbc63b800 DEOPT UNPACKING pc=0x0000025d9fb3a1af sp=0x00000091dc0fd0b0 mode 2

Classes redefined (0 events):
No events

Internal exceptions (20 events):
Event: 76.585 Thread 0x0000025dbf620000 Exception <a 'java/lang/NoSuchMethodError'{0x000000009112cd80}: <clinit>> (0x000000009112cd80) thrown at [src/hotspot/share/prims/jni.cpp, line 1367]
Event: 76.587 Thread 0x0000025dbf620000 Exception <a 'java/lang/NoSuchMethodError'{0x0000000091165478}: <clinit>> (0x0000000091165478) thrown at [src/hotspot/share/prims/jni.cpp, line 1367]
Event: 76.588 Thread 0x0000025dbf620000 Exception <a 'java/lang/NoSuchMethodError'{0x0000000091177c18}: <clinit>> (0x0000000091177c18) thrown at [src/hotspot/share/prims/jni.cpp, line 1367]
Event: 77.227 Thread 0x0000025dbc63a000 Exception <a 'java/lang/NoSuchMethodError'{0x00000000907742d8}: 'void java.lang.invoke.DirectMethodHandle$Holder.invokeStatic(java.lang.Object, long)'> (0x00000000907742d8) thrown at [src/hotspot/share/interpreter/linkResolver.cpp, line 773]
Event: 77.227 Thread 0x0000025dbc63a000 Exception <a 'java/lang/NoSuchMethodError'{0x0000000090779798}: 'java.lang.Object java.lang.invoke.DirectMethodHandle$Holder.invokeStatic(java.lang.Object, long)'> (0x0000000090779798) thrown at [src/hotspot/share/interpreter/linkResolver.cpp, line 773]
Event: 77.227 Thread 0x0000025dbc63a000 Exception <a 'java/lang/NoSuchMethodError'{0x000000009077cd68}: 'java.lang.Object java.lang.invoke.DirectMethodHandle$Holder.invokeSpecial(java.lang.Object, java.lang.Object, long)'> (0x000000009077cd68) thrown at [src/hotspot/share/interpreter/linkResolver.cpp, line 773]
Event: 77.230 Thread 0x0000025dbc63a000 Exception <a 'java/lang/NoSuchMethodError'{0x000000008ff43890}: 'java.lang.Object java.lang.invoke.DirectMethodHandle$Holder.invokeStaticInit(java.lang.Object, java.lang.Object, long, java.lang.Object)'> (0x000000008ff43890) thrown at [src/hotspot/share/interpreter/linkResolver.cpp, line 773]
Event: 77.597 Thread 0x0000025dbf625000 Exception <a 'sun/nio/fs/WindowsException'{0x000000008f87e510}> (0x000000008f87e510) thrown at [src/hotspot/share/prims/jni.cpp, line 617]
Event: 77.598 Thread 0x0000025dbf625000 Exception <a 'sun/nio/fs/WindowsException'{0x000000008f87f628}> (0x000000008f87f628) thrown at [src/hotspot/share/prims/jni.cpp, line 617]
Event: 77.598 Thread 0x0000025dbf625000 Exception <a 'sun/nio/fs/WindowsException'{0x000000008f87f8c0}> (0x000000008f87f8c0) thrown at [src/hotspot/share/prims/jni.cpp, line 617]
Event: 77.608 Thread 0x0000025dbf622800 Exception <a 'sun/nio/fs/WindowsException'{0x000000008f8bb9e8}> (0x000000008f8bb9e8) thrown at [src/hotspot/share/prims/jni.cpp, line 617]
Event: 77.608 Thread 0x0000025dbf622800 Exception <a 'sun/nio/fs/WindowsException'{0x000000008f8bcab8}> (0x000000008f8bcab8) thrown at [src/hotspot/share/prims/jni.cpp, line 617]
Event: 78.779 Thread 0x0000025dbc63b800 Exception <a 'sun/nio/fs/WindowsException'{0x0000000091354ed8}> (0x0000000091354ed8) thrown at [src/hotspot/share/prims/jni.cpp, line 617]
Event: 78.851 Thread 0x0000025dbc63b800 Exception <a 'java/lang/NoSuchMethodError'{0x000000009115c970}: 'java.lang.Object java.lang.invoke.DirectMethodHandle$Holder.newInvokeSpecial(java.lang.Object, int)'> (0x000000009115c970) thrown at [src/hotspot/share/interpreter/linkResolver.cpp, line 773]
Event: 79.040 Thread 0x0000025dbc63b800 Exception <a 'java/lang/NoSuchMethodError'{0x0000000090936f10}: 'java.lang.Object java.lang.invoke.DirectMethodHandle$Holder.invokeStaticInit(java.lang.Object, java.lang.Object, java.lang.Object, java.lang.Object, java.lang.Object, java.lang.Object, java.lang.Object, java.lang.Object, java.lang.Object, java.lang.Object, java.lang.Object, java.lang.Object, java.lang.Object, java.lang.Object, java.lang.Object, java.lang.Object, java.lang.Object, java.lang.Object, java.lang.Object, int, java.lang.Object, java
Event: 79.266 Thread 0x0000025dbc641800 Exception <a 'java/lang/IncompatibleClassChangeError'{0x000000009048fae0}: Found class java.lang.Object, but interface was expected> (0x000000009048fae0) thrown at [src/hotspot/share/interpreter/linkResolver.cpp, line 839]
Event: 79.470 Thread 0x0000025dbc640800 Exception <a 'java/lang/IncompatibleClassChangeError'{0x000000008ffd7178}: Found class java.lang.Object, but interface was expected> (0x000000008ffd7178) thrown at [src/hotspot/share/interpreter/linkResolver.cpp, line 839]
Event: 79.470 Thread 0x0000025dbc641800 Exception <a 'java/lang/IncompatibleClassChangeError'{0x000000008ff8d7b8}: Found class java.lang.Object, but interface was expected> (0x000000008ff8d7b8) thrown at [src/hotspot/share/interpreter/linkResolver.cpp, line 839]
Event: 79.471 Thread 0x0000025dbc640800 Exception <a 'java/lang/IncompatibleClassChangeError'{0x000000008ffe4470}: Found class java.lang.Object, but interface was expected> (0x000000008ffe4470) thrown at [src/hotspot/share/interpreter/linkResolver.cpp, line 839]
Event: 79.471 Thread 0x0000025dbc63f000 Exception <a 'java/lang/IncompatibleClassChangeError'{0x000000008ffda350}: Found class java.lang.Object, but interface was expected> (0x000000008ffda350) thrown at [src/hotspot/share/interpreter/linkResolver.cpp, line 839]

Events (20 events):
Event: 80.051 loading class com/android/tools/r8/internal/E7
Event: 80.051 loading class com/android/tools/r8/internal/E7 done
Event: 80.051 loading class com/android/tools/r8/internal/R7
Event: 80.051 loading class com/android/tools/r8/internal/R7 done
Event: 80.051 loading class com/android/tools/r8/internal/w9
Event: 80.051 loading class com/android/tools/r8/internal/w9 done
Event: 80.051 loading class com/android/tools/r8/internal/J7
Event: 80.051 loading class com/android/tools/r8/internal/J7 done
Event: 80.052 loading class com/android/tools/r8/internal/t8
Event: 80.052 loading class com/android/tools/r8/internal/t8 done
Event: 80.052 loading class com/android/tools/r8/internal/r8
Event: 80.052 loading class com/android/tools/r8/internal/r8 done
Event: 80.052 loading class com/android/tools/r8/internal/c7
Event: 80.052 loading class com/android/tools/r8/internal/c7 done
Event: 80.053 loading class com/android/tools/r8/internal/b7
Event: 80.053 loading class com/android/tools/r8/internal/b7 done
Event: 80.053 loading class com/android/tools/r8/references/MethodReference
Event: 80.053 loading class com/android/tools/r8/references/MethodReference done
Event: 80.053 loading class com/android/tools/r8/references/MethodReference
Event: 80.053 loading class com/android/tools/r8/references/MethodReference done


Dynamic libraries:
0x00007ff7bee80000 - 0x00007ff7bee8a000 	C:\Program Files\Android\Android Studio\jbr\bin\java.exe
0x00007fff87730000 - 0x00007fff87928000 	C:\WINDOWS\SYSTEM32\ntdll.dll
0x00007fff865c0000 - 0x00007fff8667f000 	C:\WINDOWS\System32\KERNEL32.DLL
0x00007fff850b0000 - 0x00007fff85382000 	C:\WINDOWS\System32\KERNELBASE.dll
0x00007fff85640000 - 0x00007fff85740000 	C:\WINDOWS\System32\ucrtbase.dll
0x00007fff69720000 - 0x00007fff69737000 	C:\Program Files\Android\Android Studio\jbr\bin\jli.dll
0x00007fff86240000 - 0x00007fff863e1000 	C:\WINDOWS\System32\USER32.dll
0x00007fff84df0000 - 0x00007fff84e12000 	C:\WINDOWS\System32\win32u.dll
0x00007fff86870000 - 0x00007fff8689b000 	C:\WINDOWS\System32\GDI32.dll
0x00007fff85530000 - 0x00007fff8563f000 	C:\WINDOWS\System32\gdi32full.dll
0x00007fff84eb0000 - 0x00007fff84f4d000 	C:\WINDOWS\System32\msvcp_win.dll
0x00007fff6ef70000 - 0x00007fff6ef8b000 	C:\Program Files\Android\Android Studio\jbr\bin\VCRUNTIME140.dll
0x00007fff7c390000 - 0x00007fff7c62a000 	C:\WINDOWS\WinSxS\amd64_microsoft.windows.common-controls_6595b64144ccf1df_6.0.19041.1110_none_60b5254171f9507e\COMCTL32.dll
0x00007fff86070000 - 0x00007fff8610e000 	C:\WINDOWS\System32\msvcrt.dll
0x00007fff86d10000 - 0x00007fff86d42000 	C:\WINDOWS\System32\IMM32.DLL
0x00007fff80910000 - 0x00007fff8091c000 	C:\Program Files\Android\Android Studio\jbr\bin\vcruntime140_1.dll
0x00007fff5b880000 - 0x00007fff5b90d000 	C:\Program Files\Android\Android Studio\jbr\bin\msvcp140.dll
0x00007fff2d820000 - 0x00007fff2e3dc000 	C:\Program Files\Android\Android Studio\jbr\bin\server\jvm.dll
0x00007fff85fc0000 - 0x00007fff8606e000 	C:\WINDOWS\System32\ADVAPI32.dll
0x00007fff863f0000 - 0x00007fff8648c000 	C:\WINDOWS\System32\sechost.dll
0x00007fff86490000 - 0x00007fff865b5000 	C:\WINDOWS\System32\RPCRT4.dll
0x00007fff866f0000 - 0x00007fff866f8000 	C:\WINDOWS\System32\PSAPI.DLL
0x00007fff80860000 - 0x00007fff80869000 	C:\WINDOWS\SYSTEM32\WSOCK32.dll
0x00007fff86680000 - 0x00007fff866eb000 	C:\WINDOWS\System32\WS2_32.dll
0x00007fff7c630000 - 0x00007fff7c657000 	C:\WINDOWS\SYSTEM32\WINMM.dll
0x00007fff7cf30000 - 0x00007fff7cf3a000 	C:\WINDOWS\SYSTEM32\VERSION.dll
0x00007fff82cd0000 - 0x00007fff82ce2000 	C:\WINDOWS\SYSTEM32\kernel.appcore.dll
0x00007fff80900000 - 0x00007fff80910000 	C:\Program Files\Android\Android Studio\jbr\bin\verify.dll
0x00007fff74240000 - 0x00007fff74424000 	C:\WINDOWS\SYSTEM32\DBGHELP.DLL
0x00007fff74120000 - 0x00007fff74155000 	C:\WINDOWS\SYSTEM32\dbgcore.DLL
0x00007fff84e20000 - 0x00007fff84ea2000 	C:\WINDOWS\System32\bcryptPrimitives.dll
0x00007fff808d0000 - 0x00007fff808f8000 	C:\Program Files\Android\Android Studio\jbr\bin\java.dll
0x00007fff808c0000 - 0x00007fff808ca000 	C:\Program Files\Android\Android Studio\jbr\bin\jimage.dll
0x00007fff77390000 - 0x00007fff773a8000 	C:\Program Files\Android\Android Studio\jbr\bin\zip.dll
0x00007fff86e50000 - 0x00007fff87595000 	C:\WINDOWS\System32\SHELL32.dll
0x00007fff82ed0000 - 0x00007fff83662000 	C:\WINDOWS\SYSTEM32\windows.storage.dll
0x00007fff869b0000 - 0x00007fff86d05000 	C:\WINDOWS\System32\combase.dll
0x00007fff847d0000 - 0x00007fff84800000 	C:\WINDOWS\SYSTEM32\Wldp.dll
0x00007fff85900000 - 0x00007fff859ad000 	C:\WINDOWS\System32\SHCORE.dll
0x00007fff86950000 - 0x00007fff869a5000 	C:\WINDOWS\System32\shlwapi.dll
0x00007fff84d30000 - 0x00007fff84d4f000 	C:\WINDOWS\SYSTEM32\profapi.dll
0x00007fff77370000 - 0x00007fff77389000 	C:\Program Files\Android\Android Studio\jbr\bin\net.dll
0x00007fff7b850000 - 0x00007fff7b95c000 	C:\WINDOWS\SYSTEM32\WINHTTP.dll
0x00007fff844d0000 - 0x00007fff8453a000 	C:\WINDOWS\system32\mswsock.dll
0x00007fff760e0000 - 0x00007fff760f3000 	C:\Program Files\Android\Android Studio\jbr\bin\nio.dll
0x00007fff63c40000 - 0x00007fff63c67000 	C:\Users\\.gradle\native\e1d6ef7f7dcc3fd88c89a11ec53ec762bb8ba0a96d01ffa2cd45eb1d1d8dd5c5\windows-amd64\native-platform.dll
0x00007fff49f60000 - 0x00007fff4a0a4000 	C:\Users\\.gradle\native\0d407fdbe67a94daf76414ababcb853783967236a71b16ec16e742cd7a986fd3\windows-amd64\native-platform-file-events.dll
0x00007fff80870000 - 0x00007fff8087a000 	C:\Program Files\Android\Android Studio\jbr\bin\management.dll
0x00007fff7b230000 - 0x00007fff7b23b000 	C:\Program Files\Android\Android Studio\jbr\bin\management_ext.dll
0x00007fff846c0000 - 0x00007fff846d8000 	C:\WINDOWS\SYSTEM32\CRYPTSP.dll
0x00007fff83df0000 - 0x00007fff83e24000 	C:\WINDOWS\system32\rsaenh.dll
0x00007fff85450000 - 0x00007fff85477000 	C:\WINDOWS\System32\bcrypt.dll
0x00007fff84cf0000 - 0x00007fff84d1e000 	C:\WINDOWS\SYSTEM32\USERENV.dll
0x00007fff84840000 - 0x00007fff8484c000 	C:\WINDOWS\SYSTEM32\CRYPTBASE.dll
0x00007fff841c0000 - 0x00007fff841fb000 	C:\WINDOWS\SYSTEM32\IPHLPAPI.DLL
0x00007fff858f0000 - 0x00007fff858f8000 	C:\WINDOWS\System32\NSI.dll
0x00007fff7c9f0000 - 0x00007fff7ca07000 	C:\WINDOWS\SYSTEM32\dhcpcsvc6.DLL
0x00007fff7c9d0000 - 0x00007fff7c9ed000 	C:\WINDOWS\SYSTEM32\dhcpcsvc.DLL
0x00007fff84200000 - 0x00007fff842cb000 	C:\WINDOWS\SYSTEM32\DNSAPI.dll
0x00007fff6a2b0000 - 0x00007fff6a2d7000 	C:\Program Files\Android\Android Studio\jbr\bin\sunec.dll
0x00007fff7b750000 - 0x00007fff7b75a000 	C:\Windows\System32\rasadhlp.dll
0x00007fff7b530000 - 0x00007fff7b5b0000 	C:\WINDOWS\System32\fwpuclnt.dll
0x00007fff83f10000 - 0x00007fff83f43000 	C:\WINDOWS\SYSTEM32\ntmarta.dll

dbghelp: loaded successfully - version: 4.0.5 - missing functions: none
symbol engine: initialized successfully - sym options: 0x614 - pdb path: .;C:\Program Files\Android\Android Studio\jbr\bin;C:\WINDOWS\SYSTEM32;C:\WINDOWS\WinSxS\amd64_microsoft.windows.common-controls_6595b64144ccf1df_6.0.19041.1110_none_60b5254171f9507e;C:\Program Files\Android\Android Studio\jbr\bin\server;C:\Users\\.gradle\native\e1d6ef7f7dcc3fd88c89a11ec53ec762bb8ba0a96d01ffa2cd45eb1d1d8dd5c5\windows-amd64;C:\Users\\.gradle\native\0d407fdbe67a94daf76414ababcb853783967236a71b16ec16e742cd7a986fd3\windows-amd64

VM Arguments:
jvm_args: --add-opens=java.base/java.util=ALL-UNNAMED --add-opens=java.base/java.lang=ALL-UNNAMED --add-opens=java.base/java.lang.invoke=ALL-UNNAMED --add-opens=java.base/java.util=ALL-UNNAMED --add-opens=java.prefs/java.util.prefs=ALL-UNNAMED --add-opens=java.prefs/java.util.prefs=ALL-UNNAMED --add-opens=java.base/java.nio.charset=ALL-UNNAMED --add-opens=java.base/java.net=ALL-UNNAMED --add-opens=java.base/java.util.concurrent.atomic=ALL-UNNAMED -Xmx2048m -Dfile.encoding=UTF-8 -Duser.country=RU -Duser.language=ru -Duser.variant 
java_command: org.gradle.launcher.daemon.bootstrap.GradleDaemon 7.5
java_class_path (initial): C:\Users\\.gradle\wrapper\dists\gradle-7.5-bin\f1w0cc9nuo0eivz97x2xlu9sv\gradle-7.5\lib\gradle-launcher-7.5.jar
Launcher Type: SUN_STANDARD

[Global flags]
     intx CICompilerCount                          = 3                                         {product} {ergonomic}
     uint ConcGCThreads                            = 1                                         {product} {ergonomic}
     uint G1ConcRefinementThreads                  = 4                                         {product} {ergonomic}
   size_t G1HeapRegionSize                         = 1048576                                   {product} {ergonomic}
    uintx GCDrainStackTargetSize                   = 64                                        {product} {ergonomic}
   size_t InitialHeapSize                          = 134217728                                 {product} {ergonomic}
   size_t MarkStackSize                            = 4194304                                   {product} {ergonomic}
   size_t MaxHeapSize                              = 2147483648                                {product} {command line}
   size_t MaxNewSize                               = 1287651328                                {product} {ergonomic}
   size_t MinHeapDeltaBytes                        = 1048576                                   {product} {ergonomic}
    uintx NonNMethodCodeHeapSize                   = 5830732                                {pd product} {ergonomic}
    uintx NonProfiledCodeHeapSize                  = 122913754                              {pd product} {ergonomic}
    uintx ProfiledCodeHeapSize                     = 122913754                              {pd product} {ergonomic}
    uintx ReservedCodeCacheSize                    = 251658240                              {pd product} {ergonomic}
     bool SegmentedCodeCache                       = true                                      {product} {ergonomic}
     bool UseCompressedClassPointers               = true                                 {lp64_product} {ergonomic}
     bool UseCompressedOops                        = true                                 {lp64_product} {ergonomic}
     bool UseG1GC                                  = true                                      {product} {ergonomic}
     bool UseLargePagesIndividualAllocation        = false                                  {pd product} {ergonomic}

Logging:
Log output configuration:
 #0: stdout all=warning uptime,level,tags
 #1: stderr all=off uptime,level,tags

Environment Variables:
PATH=C:\Program Files (x86)\NVIDIA Corporation\PhysX\Common;C:\ProgramData\Oracle\Java\javapath;C:\Program Files\Common Files\Oracle\Java\javapath;C:\WINDOWS\system32;C:\WINDOWS;C:\WINDOWS\System32\Wbem;C:\WINDOWS\System32\WindowsPowerShell\v1.0\;C:\WINDOWS\System32\OpenSSH\;C:\Program Files (x86)\dotnet\;C:\Users\\AppData\Local\Microsoft\WindowsApps;C:\Users\\AppData\Local\GitHubDesktop\bin
USERNAME=
OS=Windows_NT
PROCESSOR_IDENTIFIER=AMD64 Family 23 Model 1 Stepping 1, AuthenticAMD



---------------  S Y S T E M  ---------------

OS: Windows 10 , 64 bit Build 19041 (10.0.19041.2546)
OS uptime: 0 days 3:46 hours

CPU:total 4 (initial active 4) (4 cores per cpu, 1 threads per core) family 23 model 1 stepping 1 microcode 0x0, cmov, cx8, fxsr, mmx, sse, sse2, sse3, ssse3, sse4.1, sse4.2, popcnt, avx, avx2, aes, clmul, mmxext, 3dnowpref, lzcnt, sse4a, tsc, tscinvbit, tscinv, bmi1, bmi2, adx, sha, fma

Memory: 4k page, system-wide physical 8119M (430M free)
TotalPageFile size 13239M (AvailPageFile size 3M)
current process WorkingSet (physical memory assigned to process): 424M, peak: 577M
current process commit charge ("private bytes"): 668M, peak: 671M

vm_info: OpenJDK 64-Bit Server VM (11.0.15+0-b2043.56-9505619) for windows-amd64 JRE (11.0.15+0-b2043.56-9505619), built on Jan 19 2023 02:48:00 by "builduser" with unknown MS VC++:1929

END.
